This is pdfTeX, Version 3.14159265-2.6-1.40.21 (MiKTeX 21.1) (preloaded format=pdflatex 2021.2.7)  7 FEB 2021 14:03
entering extended mode
**./Proyecto2_EDA.tex
(Proyecto2_EDA.tex
LaTeX2e <2020-10-01> patch level 4
L3 programming layer <2021-01-09> xparse <2020-03-03>
(C:\Miktex\tex/latex/base\article.cls
Document Class: article 2020/04/10 v1.4m Standard LaTeX document class
(C:\Miktex\tex/latex/base\size12.clo
File: size12.clo 2020/04/10 v1.4m Standard LaTeX file (size option)
)
\c@part=\count177
\c@section=\count178
\c@subsection=\count179
\c@subsubsection=\count180
\c@paragraph=\count181
\c@subparagraph=\count182
\c@figure=\count183
\c@table=\count184
\abovecaptionskip=\skip47
\belowcaptionskip=\skip48
\bibindent=\dimen138
) (C:\Miktex\tex/latex/base\inputenc.sty
Package: inputenc 2020/08/01 v1.3d Input encoding file
\inpenc@prehook=\toks15
\inpenc@posthook=\toks16
)
(C:\Miktex\tex/latex/base\fontenc.sty
Package: fontenc 2020/08/10 v2.0s Standard LaTeX package
) (C:\Miktex\tex/generic/babel\babel.sty
Package: babel 2021/01/26 3.53 The Babel package

(C:\Miktex\tex/generic/babel\babel.def
File: babel.def 2021/01/26 3.53 Babel common definitions
\babel@savecnt=\count185
\U@D=\dimen139
\l@babelnohyphens=\language79

(C:\Miktex\tex/generic/babel\txtbabel.def)
\bbl@readstream=\read2
)
\bbl@dirlevel=\count186

*************************************
* Local config file bblopts.cfg used
*
(C:\Miktex\tex/latex/arabi\bblopts.cfg
File: bblopts.cfg 2005/09/08 v0.1 add Arabic and Farsi to "declared" options of
 babel
)
(C:\Miktex\tex/latex/babel-spanish\spanish.ldf
Language: spanish.ldf 2016/03/03 v5.0p Spanish support from the babel system
\es@quottoks=\toks17
\es@quotdepth=\count187
Package babel Info: Making " an active character on input line 561.
Package babel Info: Making . an active character on input line 662.
Package babel Info: Making < an active character on input line 707.
Package babel Info: Making > an active character on input line 707.
))
(C:\Miktex\tex/latex/amsmath\amsmath.sty
Package: amsmath 2020/09/23 v2.17i AMS math features
\@mathmargin=\skip49

For additional information on amsmath, use the `?' option.
(C:\Miktex\tex/latex/amsmath\amstext.sty
Package: amstext 2000/06/29 v2.01 AMS text

(C:\Miktex\tex/latex/amsmath\amsgen.sty
File: amsgen.sty 1999/11/30 v2.0 generic functions
\@emptytoks=\toks18
\ex@=\dimen140
))
(C:\Miktex\tex/latex/amsmath\amsbsy.sty
Package: amsbsy 1999/11/29 v1.2d Bold Symbols
\pmbraise@=\dimen141
)
(C:\Miktex\tex/latex/amsmath\amsopn.sty
Package: amsopn 2016/03/08 v2.02 operator names
)
\inf@bad=\count188
LaTeX Info: Redefining \frac on input line 234.
\uproot@=\count189
\leftroot@=\count190
LaTeX Info: Redefining \overline on input line 399.
\classnum@=\count191
\DOTSCASE@=\count192
LaTeX Info: Redefining \ldots on input line 496.
LaTeX Info: Redefining \dots on input line 499.
LaTeX Info: Redefining \cdots on input line 620.
\Mathstrutbox@=\box47
\strutbox@=\box48
\big@size=\dimen142
LaTeX Font Info:    Redeclaring font encoding OML on input line 743.
LaTeX Font Info:    Redeclaring font encoding OMS on input line 744.
\macc@depth=\count193
\c@MaxMatrixCols=\count194
\dotsspace@=\muskip16
\c@parentequation=\count195
\dspbrk@lvl=\count196
\tag@help=\toks19
\row@=\count197
\column@=\count198
\maxfields@=\count199
\andhelp@=\toks20
\eqnshift@=\dimen143
\alignsep@=\dimen144
\tagshift@=\dimen145
\tagwidth@=\dimen146
\totwidth@=\dimen147
\lineht@=\dimen148
\@envbody=\toks21
\multlinegap=\skip50
\multlinetaggap=\skip51
\mathdisplay@stack=\toks22
LaTeX Info: Redefining \[ on input line 2923.
LaTeX Info: Redefining \] on input line 2924.
)
(C:\Miktex\tex/latex/amsfonts\amsfonts.sty
Package: amsfonts 2013/01/14 v3.01 Basic AMSFonts support
\symAMSa=\mathgroup4
\symAMSb=\mathgroup5
LaTeX Font Info:    Redeclaring math symbol \hbar on input line 98.
LaTeX Font Info:    Overwriting math alphabet `\mathfrak' in version `bold'
(Font)                  U/euf/m/n --> U/euf/b/n on input line 106.
)
(C:\Miktex\tex/latex/amsfonts\amssymb.sty
Package: amssymb 2013/01/14 v3.01 AMS font symbols
)
(C:\Miktex\tex/latex/xcolor\xcolor.sty
Package: xcolor 2016/05/11 v2.12 LaTeX color extensions (UK)

(C:\Miktex\tex/latex/graphics-cfg\color.cfg
File: color.cfg 2016/01/02 v1.6 sample color configuration
)
Package xcolor Info: Driver file: pdftex.def on input line 225.

(C:\Miktex\tex/latex/graphics-def\pdftex.def
File: pdftex.def 2020/10/05 v1.2a Graphics/color driver for pdftex
)
Package xcolor Info: Model `cmy' substituted by `cmy0' on input line 1348.
Package xcolor Info: Model `hsb' substituted by `rgb' on input line 1352.
Package xcolor Info: Model `RGB' extended on input line 1364.
Package xcolor Info: Model `HTML' substituted by `rgb' on input line 1366.
Package xcolor Info: Model `Hsb' substituted by `hsb' on input line 1367.
Package xcolor Info: Model `tHsb' substituted by `hsb' on input line 1368.
Package xcolor Info: Model `HSB' substituted by `hsb' on input line 1369.
Package xcolor Info: Model `Gray' substituted by `gray' on input line 1370.
Package xcolor Info: Model `wave' substituted by `hsb' on input line 1371.
)
(C:\Miktex\tex/latex/fancyhdr\fancyhdr.sty
Package: fancyhdr 2021/01/28 v4.0.1 Extensive control of page headers and foote
rs
\f@nch@headwidth=\skip52
\f@nch@O@elh=\skip53
\f@nch@O@erh=\skip54
\f@nch@O@olh=\skip55
\f@nch@O@orh=\skip56
\f@nch@O@elf=\skip57
\f@nch@O@erf=\skip58
\f@nch@O@olf=\skip59
\f@nch@O@orf=\skip60
)
(C:\Miktex\tex/latex/hyperref\hyperref.sty
Package: hyperref 2020-05-15 v7.00e Hypertext links for LaTeX

(C:\Miktex\tex/generic/ltxcmds\ltxcmds.sty
Package: ltxcmds 2020-05-10 v1.25 LaTeX kernel commands for general use (HO)
)
(C:\Miktex\tex/generic/iftex\iftex.sty
Package: iftex 2020/03/06 v1.0d TeX engine tests
)
(C:\Miktex\tex/generic/pdftexcmds\pdftexcmds.sty
Package: pdftexcmds 2020-06-27 v0.33 Utility functions of pdfTeX for LuaTeX (HO
)

(C:\Miktex\tex/generic/infwarerr\infwarerr.sty
Package: infwarerr 2019/12/03 v1.5 Providing info/warning/error messages (HO)
)
Package pdftexcmds Info: \pdf@primitive is available.
Package pdftexcmds Info: \pdf@ifprimitive is available.
Package pdftexcmds Info: \pdfdraftmode found.
)
(C:\Miktex\tex/latex/graphics\keyval.sty
Package: keyval 2014/10/28 v1.15 key=value parser (DPC)
\KV@toks@=\toks23
)
(C:\Miktex\tex/generic/kvsetkeys\kvsetkeys.sty
Package: kvsetkeys 2019/12/15 v1.18 Key value parser (HO)
)
(C:\Miktex\tex/generic/kvdefinekeys\kvdefinekeys.sty
Package: kvdefinekeys 2019-12-19 v1.6 Define keys (HO)
)
(C:\Miktex\tex/generic/pdfescape\pdfescape.sty
Package: pdfescape 2019/12/09 v1.15 Implements pdfTeX's escape features (HO)
)
(C:\Miktex\tex/latex/hycolor\hycolor.sty
Package: hycolor 2020-01-27 v1.10 Color options for hyperref/bookmark (HO)
)
(C:\Miktex\tex/latex/letltxmacro\letltxmacro.sty
Package: letltxmacro 2019/12/03 v1.6 Let assignment for LaTeX macros (HO)
)
(C:\Miktex\tex/latex/auxhook\auxhook.sty
Package: auxhook 2019-12-17 v1.6 Hooks for auxiliary files (HO)
)
(C:\Miktex\tex/latex/kvoptions\kvoptions.sty
Package: kvoptions 2020-10-07 v3.14 Key value format for package options (HO)
)
\@linkdim=\dimen149
\Hy@linkcounter=\count266
\Hy@pagecounter=\count267

(C:\Miktex\tex/latex/hyperref\pd1enc.def
File: pd1enc.def 2020-05-15 v7.00e Hyperref: PDFDocEncoding definition (HO)
Now handling font encoding PD1 ...
... no UTF-8 mapping file for font encoding PD1
)
(C:\Miktex\tex/generic/intcalc\intcalc.sty
Package: intcalc 2019/12/15 v1.3 Expandable calculations with integers (HO)
)
(C:\Miktex\tex/generic/etexcmds\etexcmds.sty
Package: etexcmds 2019/12/15 v1.7 Avoid name clashes with e-TeX commands (HO)
)
\Hy@SavedSpaceFactor=\count268
Package hyperref Info: Hyper figures OFF on input line 4464.
Package hyperref Info: Link nesting OFF on input line 4469.
Package hyperref Info: Hyper index ON on input line 4472.
Package hyperref Info: Plain pages OFF on input line 4479.
Package hyperref Info: Backreferencing OFF on input line 4484.
Package hyperref Info: Implicit mode ON; LaTeX internals redefined.
Package hyperref Info: Bookmarks ON on input line 4717.
\c@Hy@tempcnt=\count269
 (C:\Miktex\tex/latex/url\url.sty
\Urlmuskip=\muskip17
Package: url 2013/09/16  ver 3.4  Verb mode for urls, etc.
)
LaTeX Info: Redefining \url on input line 5076.
\XeTeXLinkMargin=\dimen150
(C:\Miktex\tex/generic/bitset\bitset.sty
Package: bitset 2019/12/09 v1.3 Handle bit-vector datatype (HO)

(C:\Miktex\tex/generic/bigintcalc\bigintcalc.sty
Package: bigintcalc 2019/12/15 v1.5 Expandable calculations on big integers (HO
)
))
\Fld@menulength=\count270
\Field@Width=\dimen151
\Fld@charsize=\dimen152
Package hyperref Info: Hyper figures OFF on input line 6347.
Package hyperref Info: Link nesting OFF on input line 6352.
Package hyperref Info: Hyper index ON on input line 6355.
Package hyperref Info: backreferencing OFF on input line 6362.
Package hyperref Info: Link coloring OFF on input line 6367.
Package hyperref Info: Link coloring with OCG OFF on input line 6372.
Package hyperref Info: PDF/A mode OFF on input line 6377.
LaTeX Info: Redefining \ref on input line 6417.
LaTeX Info: Redefining \pageref on input line 6421.

(C:\Miktex\tex/latex/base\atbegshi-ltx.sty
Package: atbegshi-ltx 2020/08/17 v1.0a Emulation of the original atbegshi packa
ge
with kernel methods
)
\Hy@abspage=\count271
\c@Item=\count272
\c@Hfootnote=\count273
)
Package hyperref Info: Driver (autodetected): hpdftex.

(C:\Miktex\tex/latex/hyperref\hpdftex.def
File: hpdftex.def 2020-05-15 v7.00e Hyperref driver for pdfTeX

(C:\Miktex\tex/latex/base\atveryend-ltx.sty
Package: atveryend-ltx 2020/08/19 v1.0a Emulation of the original atvery packag
e
with kernel methods
)
\Fld@listcount=\count274
\c@bookmark@seq@number=\count275

(C:\Miktex\tex/latex/rerunfilecheck\rerunfilecheck.sty
Package: rerunfilecheck 2019/12/05 v1.9 Rerun checks for auxiliary files (HO)

(C:\Miktex\tex/generic/uniquecounter\uniquecounter.sty
Package: uniquecounter 2019/12/15 v1.4 Provide unlimited unique counter (HO)
)
Package uniquecounter Info: New unique counter `rerunfilecheck' on input line 2
86.
)
\Hy@SectionHShift=\skip61
)
(C:\Miktex\tex/latex/parskip\parskip.sty
Package: parskip 2020-06-15 v2.0f non-zero parskip adjustments

(C:\Miktex\tex/latex/etoolbox\etoolbox.sty
Package: etoolbox 2020/10/05 v2.5k e-TeX tools for LaTeX (JAW)
\etb@tempcnta=\count276
))
(C:\Miktex\tex/latex/float\float.sty
Package: float 2001/11/08 v1.3d Float enhancements (AL)
\c@float@type=\count277
\float@exts=\toks24
\float@box=\box49
\@float@everytoks=\toks25
\@floatcapt=\box50
)
(C:\Miktex\tex/latex/listings\listings.sty
\lst@mode=\count278
\lst@gtempboxa=\box51
\lst@token=\toks26
\lst@length=\count279
\lst@currlwidth=\dimen153
\lst@column=\count280
\lst@pos=\count281
\lst@lostspace=\dimen154
\lst@width=\dimen155
\lst@newlines=\count282
\lst@lineno=\count283
\lst@maxwidth=\dimen156

(C:\Miktex\tex/latex/listings\lstmisc.sty
File: lstmisc.sty 2020/03/24 1.8d (Carsten Heinz)
\c@lstnumber=\count284
\lst@skipnumbers=\count285
\lst@framebox=\box52
)
(C:\Miktex\tex/latex/listings\listings.cfg
File: listings.cfg 2020/03/24 1.8d listings configuration
))
Package: listings 2020/03/24 1.8d (Carsten Heinz)

(C:\Miktex\tex/latex/subfigure\subfigure.sty
Package: subfigure 2002/07/30 v2.1.4 subfigure package
\subfigtopskip=\skip62
\subfigcapskip=\skip63
\subfigcaptopadj=\dimen157
\subfigbottomskip=\skip64
\subfigcapmargin=\dimen158
\subfiglabelskip=\skip65
\c@subfigure=\count286
\c@lofdepth=\count287
\c@subtable=\count288
\c@lotdepth=\count289

****************************************
* Local config file subfigure.cfg used *
****************************************
(C:\Miktex\tex/latex/subfigure\subfigure.cfg)
\subfig@top=\skip66
\subfig@bottom=\skip67
)
(C:\Miktex\tex/latex/epstopdf-pkg\epstopdf.sty
Package: epstopdf 2020-01-24 v2.11 Conversion with epstopdf on the fly (HO)

(C:\Miktex\tex/latex/grfext\grfext.sty
Package: grfext 2019/12/03 v1.3 Manage graphics extensions (HO)
)
(C:\Miktex\tex/latex/epstopdf-pkg\epstopdf-base.sty
Package: epstopdf-base 2020-01-24 v2.11 Base part for package epstopdf


Package epstopdf Warning: No graphics package `graphic{s,x}' loaded.

)) (C:\Miktex\tex/latex/setspace\setspace.sty
Package: setspace 2011/12/19 v6.7a set line spacing
)
(C:\Miktex\tex/latex/filecontents\filecontents.sty
Package: filecontents 2019/09/20 v1.5 Create an external file from within a LaT
eX document


Package filecontents Warning: This package is obsolete. Disabling it and
(filecontents)                passing control to the filecontents environment
(filecontents)                defined by the LaTeX kernel.

) (C:\Miktex\tex/latex/cite\cite.sty
LaTeX Info: Redefining \cite on input line 302.
LaTeX Info: Redefining \nocite on input line 332.
Package: cite 2015/02/27  v 5.5
)
(C:\Miktex\tex/latex/geometry\geometry.sty
Package: geometry 2020/01/02 v5.9 Page Geometry

(C:\Miktex\tex/generic/iftex\ifvtex.sty
Package: ifvtex 2019/10/25 v1.7 ifvtex legacy package. Use iftex instead.
)
\Gm@cnth=\count290
\Gm@cntv=\count291
\c@Gm@tempcnt=\count292
\Gm@bindingoffset=\dimen159
\Gm@wd@mp=\dimen160
\Gm@odd@mp=\dimen161
\Gm@even@mp=\dimen162
\Gm@layoutwidth=\dimen163
\Gm@layoutheight=\dimen164
\Gm@layouthoffset=\dimen165
\Gm@layoutvoffset=\dimen166
\Gm@dimlist=\toks27

(C:\Miktex\tex/latex/geometry\geometry.cfg))
(C:\Miktex\tex/latex/blindtext\blindtext.sty
Package: blindtext 2012/01/06 V2.0 blindtext-Package

(C:\Miktex\tex/latex/latex-tools\xspace.sty
Package: xspace 2014/10/28 v1.13 Space after command names (DPC,MH)
)
\c@blindtext=\count293
\c@Blindtext=\count294
\c@blind@countparstart=\count295
\blind@countxx=\count296
\blindtext@numBlindtext=\count297
\blind@countyy=\count298
\c@blindlist=\count299
\c@blindlistlevel=\count300
\c@blindlist@level=\count301
\blind@listitem=\count302
\c@blind@listcount=\count303
\c@blind@levelcount=\count304
\blind@mathformula=\count305
\blind@Mathformula=\count306
\c@blind@randomcount=\count307
\c@blind@randommax=\count308
\c@blind@pangramcount=\count309
\c@blind@pangrammax=\count310
)
(C:\Miktex\tex/latex/enumitem\enumitem.sty
Package: enumitem 2019/06/20 v3.9 Customized lists
\labelindent=\skip68
\enit@outerparindent=\dimen167
\enit@toks=\toks28
\enit@inbox=\box53
\enit@count@id=\count311
\enitdp@description=\count312
)
(C:\Miktex\tex/latex/latex-tools\array.sty
Package: array 2020/10/01 v2.5c Tabular extension package (FMi)
\col@sep=\dimen168
\ar@mcellbox=\box54
\extrarowheight=\dimen169
\NC@list=\toks29
\extratabsurround=\skip69
\backup@length=\skip70
\ar@cellbox=\box55
)
(C:\Miktex\tex/latex/graphics\graphicx.sty
Package: graphicx 2020/09/09 v1.2b Enhanced LaTeX Graphics (DPC,SPQR)

(C:\Miktex\tex/latex/graphics\graphics.sty
Package: graphics 2020/08/30 v1.4c Standard LaTeX Graphics (DPC,SPQR)

(C:\Miktex\tex/latex/graphics\trig.sty
Package: trig 2016/01/03 v1.10 sin cos tan (DPC)
)
(C:\Miktex\tex/latex/graphics-cfg\graphics.cfg
File: graphics.cfg 2016/06/04 v1.11 sample graphics configuration
)
Package graphics Info: Driver file: pdftex.def on input line 105.
)
\Gin@req@height=\dimen170
\Gin@req@width=\dimen171
)
(C:\Miktex\tex/latex/fontawesome\fontawesome.sty
Package: fontawesome 2016/05/15 v4.6.3.1 font awesome icons

(C:\Miktex\tex/generic/iftex\ifxetex.sty
Package: ifxetex 2019/10/25 v0.7 ifxetex legacy package. Use iftex instead.
)
(C:\Miktex\tex/generic/iftex\ifluatex.sty
Package: ifluatex 2019/10/25 v1.5 ifluatex legacy package. Use iftex instead.
)
(C:\Miktex\tex/latex/fontawesome\fontawesomesymbols-generic.tex)
(C:\Miktex\tex/latex/fontawesome\fontawesomesymbols-pdftex.tex))
(C:\Miktex\tex/latex/l3backend\l3backend-pdftex.def
File: l3backend-pdftex.def 2020-01-29 L3 backend support: PDF output (pdfTeX)
\l__color_backend_stack_int=\count313
\l__pdf_internal_box=\box56
) (Proyecto2_EDA.aux
LaTeX Info: Redefining \. on input line 25.
LaTeX Info: Redefining \% on input line 25.

(caratula.aux))
\openout1 = `Proyecto2_EDA.aux'.

LaTeX Font Info:    Checking defaults for OML/cmm/m/it on input line 55.
LaTeX Font Info:    ... okay on input line 55.
LaTeX Font Info:    Checking defaults for OMS/cmsy/m/n on input line 55.
LaTeX Font Info:    ... okay on input line 55.
LaTeX Font Info:    Checking defaults for OT1/cmr/m/n on input line 55.
LaTeX Font Info:    ... okay on input line 55.
LaTeX Font Info:    Checking defaults for T1/cmr/m/n on input line 55.
LaTeX Font Info:    ... okay on input line 55.
LaTeX Font Info:    Checking defaults for TS1/cmr/m/n on input line 55.
LaTeX Font Info:    ... okay on input line 55.
LaTeX Font Info:    Checking defaults for OMX/cmex/m/n on input line 55.
LaTeX Font Info:    ... okay on input line 55.
LaTeX Font Info:    Checking defaults for U/cmr/m/n on input line 55.
LaTeX Font Info:    ... okay on input line 55.
LaTeX Font Info:    Checking defaults for PD1/pdf/m/n on input line 55.
LaTeX Font Info:    ... okay on input line 55.
LaTeX Info: Redefining \. on input line 55.
LaTeX Info: Redefining \% on input line 55.
 (C:\Miktex\tex/context/base/mkii\supp-pdf.mkii
[Loading MPS to PDF converter (version 2006.09.02).]
\scratchcounter=\count314
\scratchdimen=\dimen172
\scratchbox=\box57
\nofMPsegments=\count315
\nofMParguments=\count316
\everyMPshowfont=\toks30
\MPscratchCnt=\count317
\MPscratchDim=\dimen173
\MPnumerator=\count318
\makeMPintoPDFobject=\count319
\everyMPtoPDFconversion=\toks31
)
Package hyperref Info: Link coloring OFF on input line 55.
 (C:\Miktex\tex/latex/hyperref\nameref.sty
Package: nameref 2019/09/16 v2.46 Cross-referencing by name of section

(C:\Miktex\tex/latex/refcount\refcount.sty
Package: refcount 2019/12/15 v3.6 Data extraction from label references (HO)
)
(C:\Miktex\tex/generic/gettitlestring\gettitlestring.sty
Package: gettitlestring 2019/12/15 v1.6 Cleanup title references (HO)
)
\c@section@level=\count320
)
LaTeX Info: Redefining \ref on input line 55.
LaTeX Info: Redefining \pageref on input line 55.
LaTeX Info: Redefining \nameref on input line 55.
 (Proyecto2_EDA.out)
(Proyecto2_EDA.out)
\@outlinefile=\write3
\openout3 = `Proyecto2_EDA.out'.

\c@lstlisting=\count321

*geometry* driver: auto-detecting
*geometry* detected driver: pdftex
*geometry* verbose mode - [ preamble ] result:
* driver: pdftex
* paper: a4paper
* layout: <same size as paper>
* layoutoffset:(h,v)=(0.0pt,0.0pt)
* modes: 
* h-part:(L,W,R)=(56.9055pt, 483.69687pt, 56.9055pt)
* v-part:(T,H,B)=(56.9055pt, 731.23584pt, 56.9055pt)
* \paperwidth=597.50787pt
* \paperheight=845.04684pt
* \textwidth=483.69687pt
* \textheight=731.23584pt
* \oddsidemargin=-15.36449pt
* \evensidemargin=-15.36449pt
* \topmargin=-52.36449pt
* \headheight=100.2pt
* \headsep=25.0pt
* \topskip=12.0pt
* \footskip=30.0pt
* \marginparwidth=35.0pt
* \marginparsep=10.0pt
* \columnsep=10.0pt
* \skip\footins=10.8pt plus 4.0pt minus 2.0pt
* \hoffset=0.0pt
* \voffset=0.0pt
* \mag=1000
* \@twocolumnfalse
* \@twosidefalse
* \@mparswitchfalse
* \@reversemarginfalse
* (1in=72.27pt=25.4mm, 1cm=28.453pt)

*geometry* verbose mode - [ newgeometry ] result:
* driver: pdftex
* paper: a4paper
* layout: <same size as paper>
* layoutoffset:(h,v)=(0.0pt,0.0pt)
* modes: 
* h-part:(L,W,R)=(56.9055pt, 483.69687pt, 56.9055pt)
* v-part:(T,H,B)=(28.45274pt, 759.6886pt, 56.9055pt)
* \paperwidth=597.50787pt
* \paperheight=845.04684pt
* \textwidth=483.69687pt
* \textheight=759.6886pt
* \oddsidemargin=-15.36449pt
* \evensidemargin=-15.36449pt
* \topmargin=-169.01724pt
* \headheight=100.2pt
* \headsep=25.0pt
* \topskip=12.0pt
* \footskip=30.0pt
* \marginparwidth=35.0pt
* \marginparsep=10.0pt
* \columnsep=10.0pt
* \skip\footins=10.8pt plus 4.0pt minus 2.0pt
* \hoffset=0.0pt
* \voffset=0.0pt
* \mag=1000
* \@twocolumnfalse
* \@twosidefalse
* \@mparswitchfalse
* \@reversemarginfalse
* (1in=72.27pt=25.4mm, 1cm=28.453pt)

\openout2 = `caratula.aux'.

(caratula.tex
LaTeX Font Info:    Trying to load font information for U+msa on input line 4.
 (C:\Miktex\tex/latex/amsfonts\umsa.fd
File: umsa.fd 2013/01/14 v3.01 AMS symbols A
)
LaTeX Font Info:    Trying to load font information for U+msb on input line 4.

(C:\Miktex\tex/latex/amsfonts\umsb.fd
File: umsb.fd 2013/01/14 v3.01 AMS symbols B
)
<escudoUNAM.png, id=103, 803.0pt x 803.0pt>
File: escudoUNAM.png Graphic file (type png)
<use escudoUNAM.png>
Package pdftex.def Info: escudoUNAM.png  used on input line 5.
(pdftex.def)             Requested size: 144.53375pt x 144.53375pt.
<escudoFI.png, id=105, 361.35pt x 505.89pt>
File: escudoFI.png Graphic file (type png)
<use escudoFI.png>
Package pdftex.def Info: escudoFI.png  used on input line 5.
(pdftex.def)             Requested size: 104.78882pt x 146.70433pt.

Overfull \hbox (120.73788pt too wide) in paragraph at lines 4--8
 [] 
 []

[1



{C:/Users/Brain/AppData/Local/MiKTeX/pdftex/config/pdftex.map} <./escudoUNAM.pn
g> <./escudoFI.png>])
*geometry* verbose mode - [ newgeometry ] result:
* driver: pdftex
* paper: a4paper
* layout: <same size as paper>
* layoutoffset:(h,v)=(0.0pt,0.0pt)
* modes: 
* h-part:(L,W,R)=(56.9055pt, 483.69687pt, 56.9055pt)
* v-part:(T,H,B)=(128.0374pt, 660.10394pt, 56.9055pt)
* \paperwidth=597.50787pt
* \paperheight=845.04684pt
* \textwidth=483.69687pt
* \textheight=660.10394pt
* \oddsidemargin=-15.36449pt
* \evensidemargin=-15.36449pt
* \topmargin=-69.43259pt
* \headheight=100.2pt
* \headsep=25.0pt
* \topskip=12.0pt
* \footskip=30.0pt
* \marginparwidth=35.0pt
* \marginparsep=10.0pt
* \columnsep=10.0pt
* \skip\footins=10.8pt plus 4.0pt minus 2.0pt
* \hoffset=0.0pt
* \voffset=0.0pt
* \mag=1000
* \@twocolumnfalse
* \@twosidefalse
* \@mparswitchfalse
* \@reversemarginfalse
* (1in=72.27pt=25.4mm, 1cm=28.453pt)

 (Proyecto2_EDA.toc
LaTeX Info: Redefining \. on input line 1.
LaTeX Info: Redefining \% on input line 1.
)
\tf@toc=\write4
\openout4 = `Proyecto2_EDA.toc'.

File: escudoUNAM.png Graphic file (type png)
<use escudoUNAM.png>
Package pdftex.def Info: escudoUNAM.png  used on input line 65.
(pdftex.def)             Requested size: 68.26022pt x 68.26022pt.
File: escudoFI.png Graphic file (type png)
<use escudoFI.png>
Package pdftex.def Info: escudoFI.png  used on input line 65.
(pdftex.def)             Requested size: 50.58865pt x 70.82411pt.
pdfTeX warning (ext4): destination with the same identifier (name{page.1}) has 
been already used, duplicate ignored
<to be read again> 
                   \relax 
l.65 	\clearpage
                 [1




]
File: escudoUNAM.png Graphic file (type png)
<use escudoUNAM.png>
Package pdftex.def Info: escudoUNAM.png  used on input line 86.
(pdftex.def)             Requested size: 68.26022pt x 68.26022pt.
File: escudoFI.png Graphic file (type png)
<use escudoFI.png>
Package pdftex.def Info: escudoFI.png  used on input line 86.
(pdftex.def)             Requested size: 50.58865pt x 70.82411pt.
 [2

]
<romanesco.jpg, id=154, 2007.5pt x 1337.99875pt>
File: romanesco.jpg Graphic file (type jpg)
<use romanesco.jpg>
Package pdftex.def Info: romanesco.jpg  used on input line 89.
(pdftex.def)             Requested size: 220.82568pt x 147.18031pt.
<planocomplejo.png, id=155, 928.46875pt x 770.88pt>
File: planocomplejo.png Graphic file (type png)
<use planocomplejo.png>
Package pdftex.def Info: planocomplejo.png  used on input line 97.
(pdftex.def)             Requested size: 139.2643pt x 115.627pt.
File: escudoUNAM.png Graphic file (type png)
<use escudoUNAM.png>
Package pdftex.def Info: escudoUNAM.png  used on input line 105.
(pdftex.def)             Requested size: 68.26022pt x 68.26022pt.
File: escudoFI.png Graphic file (type png)
<use escudoFI.png>
Package pdftex.def Info: escudoFI.png  used on input line 105.
(pdftex.def)             Requested size: 50.58865pt x 70.82411pt.
 [3pdfTeX warning (ext4): destination with the same identifier (name{figure.1})
 has been already used, duplicate ignored
<argument> ...shipout:D \box_use:N \l_shipout_box 
                                                  
l.105 		
        pdfTeX warning (ext4): destination with the same identifier (name{figur
e.2}) has been already used, duplicate ignored
<argument> ...shipout:D \box_use:N \l_shipout_box 
                                                  
l.105 		
         <./romanesco.jpg> <./planocomplejo.png>]
File: escudoUNAM.png Graphic file (type png)
<use escudoUNAM.png>
Package pdftex.def Info: escudoUNAM.png  used on input line 140.
(pdftex.def)             Requested size: 68.26022pt x 68.26022pt.
File: escudoFI.png Graphic file (type png)
<use escudoFI.png>
Package pdftex.def Info: escudoFI.png  used on input line 140.
(pdftex.def)             Requested size: 50.58865pt x 70.82411pt.
 [4]
Underfull \hbox (badness 10000) in paragraph at lines 154--155

 []

File: escudoUNAM.png Graphic file (type png)
<use escudoUNAM.png>
Package pdftex.def Info: escudoUNAM.png  used on input line 169.
(pdftex.def)             Requested size: 68.26022pt x 68.26022pt.
File: escudoFI.png Graphic file (type png)
<use escudoFI.png>
Package pdftex.def Info: escudoFI.png  used on input line 169.
(pdftex.def)             Requested size: 50.58865pt x 70.82411pt.
[5]
File: escudoUNAM.png Graphic file (type png)
<use escudoUNAM.png>
Package pdftex.def Info: escudoUNAM.png  used on input line 199.
(pdftex.def)             Requested size: 68.26022pt x 68.26022pt.
File: escudoFI.png Graphic file (type png)
<use escudoFI.png>
Package pdftex.def Info: escudoFI.png  used on input line 199.
(pdftex.def)             Requested size: 50.58865pt x 70.82411pt.
 [6]
Overfull \hbox (10.87581pt too wide) in paragraph at lines 202--205
[][] 
 []

LaTeX Font Info:    Trying to load font information for U+fontawesometwo on inp
ut line 209.
(C:\Miktex\tex/latex/fontawesome\ufontawesometwo.fd
File: ufontawesometwo.fd 2016/05/22 Font definitions for U/fontawesometwo.
)

LaTeX Font Warning: Font shape `U/fontawesometwo/bx/n' undefined
(Font)              using `U/fontawesometwo/m/n' instead on input line 209.

<bufferedimage.png, id=186, 724.95844pt x 25.59563pt>
File: bufferedimage.png Graphic file (type png)
<use bufferedimage.png>
Package pdftex.def Info: bufferedimage.png  used on input line 225.
(pdftex.def)             Requested size: 483.69687pt x 17.07788pt.
File: escudoUNAM.png Graphic file (type png)
<use escudoUNAM.png>
Package pdftex.def Info: escudoUNAM.png  used on input line 230.
(pdftex.def)             Requested size: 68.26022pt x 68.26022pt.
File: escudoFI.png Graphic file (type png)
<use escudoFI.png>
Package pdftex.def Info: escudoFI.png  used on input line 230.
(pdftex.def)             Requested size: 50.58865pt x 70.82411pt.
[7pdfTeX warning (ext4): destination with the same identifier (name{figure.3}) 
has been already used, duplicate ignored
<argument> ...shipout:D \box_use:N \l_shipout_box 
                                                  
l.230 			
          <./bufferedimage.png>]
<setrgb.png, id=194, 342.5297pt x 33.87656pt>
File: setrgb.png Graphic file (type png)
<use setrgb.png>
Package pdftex.def Info: setrgb.png  used on input line 233.
(pdftex.def)             Requested size: 171.26442pt x 16.93823pt.
<file.png, id=195, 524.71031pt x 30.1125pt>
File: file.png Graphic file (type png)
<use file.png>
Package pdftex.def Info: file.png  used on input line 242.
(pdftex.def)             Requested size: 367.29471pt x 21.07858pt.
<imageio.png, id=196, 615.80063pt x 162.6075pt>
File: imageio.png Graphic file (type png)
<use imageio.png>
Package pdftex.def Info: imageio.png  used on input line 250.
(pdftex.def)             Requested size: 307.89955pt x 81.30354pt.
File: escudoUNAM.png Graphic file (type png)
<use escudoUNAM.png>
Package pdftex.def Info: escudoUNAM.png  used on input line 259.
(pdftex.def)             Requested size: 68.26022pt x 68.26022pt.
File: escudoFI.png Graphic file (type png)
<use escudoFI.png>
Package pdftex.def Info: escudoFI.png  used on input line 259.
(pdftex.def)             Requested size: 50.58865pt x 70.82411pt.
 [8pdfTeX warning (ext4): destination with the same identifier (name{figure.4})
 has been already used, duplicate ignored
<argument> ...shipout:D \box_use:N \l_shipout_box 
                                                  
l.259 						
            pdfTeX warning (ext4): destination with the same identifier (name{f
igure.5}) has been already used, duplicate ignored
<argument> ...shipout:D \box_use:N \l_shipout_box 
                                                  
l.259 						
            pdfTeX warning (ext4): destination with the same identifier (name{f
igure.6}) has been already used, duplicate ignored
<argument> ...shipout:D \box_use:N \l_shipout_box 
                                                  
l.259 						
             <./setrgb.png> <./file.png> <./imageio.png>]
<secuencial.png, id=207, 1028.34187pt x 578.16pt>
File: secuencial.png Graphic file (type png)
<use secuencial.png>
Package pdftex.def Info: secuencial.png  used on input line 265.
(pdftex.def)             Requested size: 514.16968pt x 289.07928pt.

Overfull \hbox (30.47281pt too wide) in paragraph at lines 265--266
 [][] 
 []


Underfull \hbox (badness 10000) in paragraph at lines 271--274

 []

File: escudoUNAM.png Graphic file (type png)
<use escudoUNAM.png>
Package pdftex.def Info: escudoUNAM.png  used on input line 274.
(pdftex.def)             Requested size: 68.26022pt x 68.26022pt.
File: escudoFI.png Graphic file (type png)
<use escudoFI.png>
Package pdftex.def Info: escudoFI.png  used on input line 274.
(pdftex.def)             Requested size: 50.58865pt x 70.82411pt.
[9pdfTeX warning (ext4): destination with the same identifier (name{figure.7}) 
has been already used, duplicate ignored
<argument> ...shipout:D \box_use:N \l_shipout_box 
                                                  
l.274 		
         <./secuencial.png>]
<prueba2.png, id=213, 512.66531pt x 149.8097pt>
File: prueba2.png Graphic file (type png)
<use prueba2.png>
Package pdftex.def Info: prueba2.png  used on input line 277.
(pdftex.def)             Requested size: 154.78653pt x 45.23126pt.
<8threads_4pics_1.png, id=214, 1927.2pt x 1084.05pt>
File: 8threads_4pics_1.png Graphic file (type png)
<use 8threads_4pics_1.png>
Package pdftex.def Info: 8threads_4pics_1.png  used on input line 281.
(pdftex.def)             Requested size: 145.11053pt x 81.61452pt.
<8threads_4pics_2.png, id=215, 1927.2pt x 1084.05pt>
File: 8threads_4pics_2.png Graphic file (type png)
<use 8threads_4pics_2.png>
Package pdftex.def Info: 8threads_4pics_2.png  used on input line 285.
(pdftex.def)             Requested size: 145.11053pt x 81.61452pt.
<prueba2_10it.png, id=216, 383.18156pt x 136.25906pt>
File: prueba2_10it.png Graphic file (type png)
<use prueba2_10it.png>
Package pdftex.def Info: prueba2_10it.png  used on input line 292.
(pdftex.def)             Requested size: 154.78653pt x 55.04114pt.
<2threads_1img_1.png, id=217, 3854.4pt x 2168.1pt>
File: 2threads_1img_1.png Graphic file (type png)
<use 2threads_1img_1.png>
Package pdftex.def Info: 2threads_1img_1.png  used on input line 296.
(pdftex.def)             Requested size: 145.11053pt x 81.61452pt.
<2threads_1img_2.png, id=218, 3854.4pt x 2168.1pt>
File: 2threads_1img_2.png Graphic file (type png)
<use 2threads_1img_2.png>
Package pdftex.def Info: 2threads_1img_2.png  used on input line 300.
(pdftex.def)             Requested size: 145.11053pt x 81.61452pt.
<prueba_1threads_1pics4K_100it1_1.png, id=219, 465.99094pt x 149.05687pt>
File: prueba_1threads_1pics4K_100it1_1.png Graphic file (type png)
<use prueba_1threads_1pics4K_100it1_1.png>
Package pdftex.def Info: prueba_1threads_1pics4K_100it1_1.png  used on input li
ne 307.
(pdftex.def)             Requested size: 154.78653pt x 49.51189pt.
<1threads_1pics4K_100it1_1.png, id=220, 3854.4pt x 2168.1pt>
File: 1threads_1pics4K_100it1_1.png Graphic file (type png)
<use 1threads_1pics4K_100it1_1.png>
Package pdftex.def Info: 1threads_1pics4K_100it1_1.png  used on input line 311.

(pdftex.def)             Requested size: 145.11053pt x 81.61452pt.
<1threads_1pics4K_100it1_2.png, id=221, 3854.4pt x 2168.1pt>
File: 1threads_1pics4K_100it1_2.png Graphic file (type png)
<use 1threads_1pics4K_100it1_2.png>
Package pdftex.def Info: 1threads_1pics4K_100it1_2.png  used on input line 315.

(pdftex.def)             Requested size: 145.11053pt x 81.61452pt.
<prueba4t_1img.png, id=222, 414.79968pt x 137.7647pt>
File: prueba4t_1img.png Graphic file (type png)
<use prueba4t_1img.png>
Package pdftex.def Info: prueba4t_1img.png  used on input line 322.
(pdftex.def)             Requested size: 154.78653pt x 51.40727pt.
<4threads_1img1.png, id=223, 3854.4pt x 2168.1pt>
File: 4threads_1img1.png Graphic file (type png)
<use 4threads_1img1.png>
Package pdftex.def Info: 4threads_1img1.png  used on input line 326.
(pdftex.def)             Requested size: 145.11053pt x 81.61452pt.
<4threads_1img2.png, id=224, 3854.4pt x 2168.1pt>
File: 4threads_1img2.png Graphic file (type png)
<use 4threads_1img2.png>
Package pdftex.def Info: 4threads_1img2.png  used on input line 330.
(pdftex.def)             Requested size: 145.11053pt x 81.61452pt.
<prueba2t_2img.png, id=225, 416.30531pt x 138.5175pt>
File: prueba2t_2img.png Graphic file (type png)
<use prueba2t_2img.png>
Package pdftex.def Info: prueba2t_2img.png  used on input line 337.
(pdftex.def)             Requested size: 154.78653pt x 51.50218pt.
<2threads_2img1.png, id=226, 3854.4pt x 2168.1pt>
File: 2threads_2img1.png Graphic file (type png)
<use 2threads_2img1.png>
Package pdftex.def Info: 2threads_2img1.png  used on input line 341.
(pdftex.def)             Requested size: 145.11053pt x 81.61452pt.
<2threads_2img3.png, id=227, 3854.4pt x 2168.1pt>
File: 2threads_2img3.png Graphic file (type png)
<use 2threads_2img3.png>
Package pdftex.def Info: 2threads_2img3.png  used on input line 345.
(pdftex.def)             Requested size: 145.11053pt x 81.61452pt.
File: escudoUNAM.png Graphic file (type png)
<use escudoUNAM.png>
Package pdftex.def Info: escudoUNAM.png  used on input line 349.
(pdftex.def)             Requested size: 68.26022pt x 68.26022pt.
File: escudoFI.png Graphic file (type png)
<use escudoFI.png>
Package pdftex.def Info: escudoFI.png  used on input line 349.
(pdftex.def)             Requested size: 50.58865pt x 70.82411pt.
 [10pdfTeX warning (ext4): destination with the same identifier (name{figure.8}
) has been already used, duplicate ignored
<argument> ...shipout:D \box_use:N \l_shipout_box 
                                                  
l.349 		
        pdfTeX warning (ext4): destination with the same identifier (name{figur
e.9}) has been already used, duplicate ignored
<argument> ...shipout:D \box_use:N \l_shipout_box 
                                                  
l.349 		
        pdfTeX warning (ext4): destination with the same identifier (name{figur
e.10}) has been already used, duplicate ignored
<argument> ...shipout:D \box_use:N \l_shipout_box 
                                                  
l.349 		
        pdfTeX warning (ext4): destination with the same identifier (name{figur
e.11}) has been already used, duplicate ignored
<argument> ...shipout:D \box_use:N \l_shipout_box 
                                                  
l.349 		
        pdfTeX warning (ext4): destination with the same identifier (name{figur
e.12}) has been already used, duplicate ignored
<argument> ...shipout:D \box_use:N \l_shipout_box 
                                                  
l.349 		
        pdfTeX warning (ext4): destination with the same identifier (name{figur
e.13}) has been already used, duplicate ignored
<argument> ...shipout:D \box_use:N \l_shipout_box 
                                                  
l.349 		
        pdfTeX warning (ext4): destination with the same identifier (name{figur
e.14}) has been already used, duplicate ignored
<argument> ...shipout:D \box_use:N \l_shipout_box 
                                                  
l.349 		
        pdfTeX warning (ext4): destination with the same identifier (name{figur
e.15}) has been already used, duplicate ignored
<argument> ...shipout:D \box_use:N \l_shipout_box 
                                                  
l.349 		
        pdfTeX warning (ext4): destination with the same identifier (name{figur
e.16}) has been already used, duplicate ignored
<argument> ...shipout:D \box_use:N \l_shipout_box 
                                                  
l.349 		
         <./prueba2.png> <./8threads_4pics_1.png (PNG copy)> <./8threads_4pics_
2.png (PNG copy)> <./prueba2_10it.png> <./2threads_1img_1.png (PNG copy)> <./2t
hreads_1img_2.png (PNG copy)> <./prueba_1threads_1pics4K_100it1_1.png> <./1thre
ads_1pics4K_100it1_1.png (PNG copy)> <./1threads_1pics4K_100it1_2.png (PNG copy
)>]
<Tiempos_de_procesamiento.png, id=244, 385.44pt x 217.5628pt>
File: Tiempos_de_procesamiento.png Graphic file (type png)
<use Tiempos_de_procesamiento.png>
Package pdftex.def Info: Tiempos_de_procesamiento.png  used on input line 358.
(pdftex.def)             Requested size: 308.35242pt x 174.05048pt.
<SpeedUp.png, id=245, 362.85562pt x 217.5628pt>
File: SpeedUp.png Graphic file (type png)
<use SpeedUp.png>
Package pdftex.def Info: SpeedUp.png  used on input line 364.
(pdftex.def)             Requested size: 290.28488pt x 174.05048pt.
File: escudoUNAM.png Graphic file (type png)
<use escudoUNAM.png>
Package pdftex.def Info: escudoUNAM.png  used on input line 367.
(pdftex.def)             Requested size: 68.26022pt x 68.26022pt.
File: escudoFI.png Graphic file (type png)
<use escudoFI.png>
Package pdftex.def Info: escudoFI.png  used on input line 367.
(pdftex.def)             Requested size: 50.58865pt x 70.82411pt.
 [11pdfTeX warning (ext4): destination with the same identifier (name{figure.17
}) has been already used, duplicate ignored
<argument> ...shipout:D \box_use:N \l_shipout_box 
                                                  
l.367 		
        pdfTeX warning (ext4): destination with the same identifier (name{figur
e.18}) has been already used, duplicate ignored
<argument> ...shipout:D \box_use:N \l_shipout_box 
                                                  
l.367 		
        pdfTeX warning (ext4): destination with the same identifier (name{figur
e.19}) has been already used, duplicate ignored
<argument> ...shipout:D \box_use:N \l_shipout_box 
                                                  
l.367 		
        pdfTeX warning (ext4): destination with the same identifier (name{figur
e.20}) has been already used, duplicate ignored
<argument> ...shipout:D \box_use:N \l_shipout_box 
                                                  
l.367 		
        pdfTeX warning (ext4): destination with the same identifier (name{figur
e.21}) has been already used, duplicate ignored
<argument> ...shipout:D \box_use:N \l_shipout_box 
                                                  
l.367 		
        pdfTeX warning (ext4): destination with the same identifier (name{figur
e.22}) has been already used, duplicate ignored
<argument> ...shipout:D \box_use:N \l_shipout_box 
                                                  
l.367 		
        pdfTeX warning (ext4): destination with the same identifier (name{figur
e.23}) has been already used, duplicate ignored
<argument> ...shipout:D \box_use:N \l_shipout_box 
                                                  
l.367 		
         <./prueba4t_1img.png> <./4threads_1img1.png (PNG copy)> <./4threads_1i
mg2.png (PNG copy)> <./prueba2t_2img.png> <./2threads_2img1.png (PNG copy)> <./
2threads_2img3.png (PNG copy)> <./Tiempos_de_procesamiento.png>]
<Eficiencia.png, id=259, 363.60844pt x 217.5628pt>
File: Eficiencia.png Graphic file (type png)
<use Eficiencia.png>
Package pdftex.def Info: Eficiencia.png  used on input line 370.
(pdftex.def)             Requested size: 290.88713pt x 174.05048pt.
<Fraccion_serial.png, id=260, 363.60844pt x 217.5628pt>
File: Fraccion_serial.png Graphic file (type png)
<use Fraccion_serial.png>
Package pdftex.def Info: Fraccion_serial.png  used on input line 376.
(pdftex.def)             Requested size: 290.88713pt x 174.05048pt.
File: escudoUNAM.png Graphic file (type png)
<use escudoUNAM.png>
Package pdftex.def Info: escudoUNAM.png  used on input line 384.
(pdftex.def)             Requested size: 68.26022pt x 68.26022pt.
File: escudoFI.png Graphic file (type png)
<use escudoFI.png>
Package pdftex.def Info: escudoFI.png  used on input line 384.
(pdftex.def)             Requested size: 50.58865pt x 70.82411pt.
 [12pdfTeX warning (ext4): destination with the same identifier (name{figure.24
}) has been already used, duplicate ignored
<argument> ...shipout:D \box_use:N \l_shipout_box 
                                                  
l.384 			
         pdfTeX warning (ext4): destination with the same identifier (name{figu
re.25}) has been already used, duplicate ignored
<argument> ...shipout:D \box_use:N \l_shipout_box 
                                                  
l.384 			
         pdfTeX warning (ext4): destination with the same identifier (name{figu
re.26}) has been already used, duplicate ignored
<argument> ...shipout:D \box_use:N \l_shipout_box 
                                                  
l.384 			
          <./SpeedUp.png> <./Eficiencia.png> <./Fraccion_serial.png>]
Underfull \hbox (badness 10000) in paragraph at lines 395--396
[]\T1/cmr/m/n/12 Dejun Yan, et al. (2009). Ge-ne-ral Man-del-brot Sets and Ju-l
ia Sets
 []


Underfull \hbox (badness 10000) in paragraph at lines 395--396
\T1/cmr/m/n/12 Ge-ne-ra-ted from Non-analytic Com-plex Ite-ra-tion. 17/01/2021.
 Da-
 []


Underfull \hbox (badness 10000) in paragraph at lines 395--396
\T1/cmr/m/n/12 lian Na-tio-na-li-ties Uni-ver-sity. Re-cu-pe-ra-do de: https://
ieeexplore-ieee-
 []

File: escudoUNAM.png Graphic file (type png)
<use escudoUNAM.png>
Package pdftex.def Info: escudoUNAM.png  used on input line 396.
(pdftex.def)             Requested size: 68.26022pt x 68.26022pt.
File: escudoFI.png Graphic file (type png)
<use escudoFI.png>
Package pdftex.def Info: escudoFI.png  used on input line 396.
(pdftex.def)             Requested size: 50.58865pt x 70.82411pt.
[13]
Underfull \hbox (badness 4954) in paragraph at lines 398--399
[]\T1/cmr/m/n/12 Bhanuka Ma-nesha. (2020). Ef-fi-cient Ge-ne-ra-tion of Man-del
-brot Set using Mes-
 []


Underfull \hbox (badness 2707) in paragraph at lines 398--399
\T1/cmr/m/n/12 sa-ge Pas-sing In-ter-fa-ce. 18/01/2021. Mo-nash Uni-ver-sity Ma
-lay-sia. Re-cu-pe-ra-do de:
 []

File: escudoUNAM.png Graphic file (type png)
<use escudoUNAM.png>
Package pdftex.def Info: escudoUNAM.png  used on input line 413.
(pdftex.def)             Requested size: 68.26022pt x 68.26022pt.
File: escudoFI.png Graphic file (type png)
<use escudoFI.png>
Package pdftex.def Info: escudoFI.png  used on input line 413.
(pdftex.def)             Requested size: 50.58865pt x 70.82411pt.
[14] (Proyecto2_EDA.aux (caratula.aux)
LaTeX Info: Redefining \. on input line 26.
LaTeX Info: Redefining \% on input line 26.
)

LaTeX Font Warning: Some font shapes were not available, defaults substituted.

Package rerunfilecheck Info: File `Proyecto2_EDA.out' has not changed.
(rerunfilecheck)             Checksum: B36BED7420FCCCF22F012BCCA53F8A17;1761.
 ) 
Here is how much of TeX's memory you used:
 13084 strings out of 479618
 184671 string characters out of 2881547
 530657 words of memory out of 3000000
 29943 multiletter control sequences out of 15000+200000
 417989 words of font info for 61 fonts, out of 3000000 for 9000
 1141 hyphenation exceptions out of 8191
 71i,16n,74p,1374b,470s stack positions out of 5000i,500n,10000p,200000b,50000s
 <C:\Users\Brain\AppData\Local\MiKTeX\fonts/pk/ljfour/jknappen/ec/dpi600\tcrm
1200.pk>{C:/Miktex/fonts/enc/dvips/fontawesome/fontawesometwo.enc} <C:\Users\Br
ain\AppData\Local\MiKTeX\fonts/pk/ljfour/jknappen/ec/dpi600\ecbi1200.pk> <C:\Us
ers\Brain\AppData\Local\MiKTeX\fonts/pk/ljfour/jknappen/ec/dpi600\ecti1200.pk> 
<C:\Users\Brain\AppData\Local\MiKTeX\fonts/pk/ljfour/jknappen/ec/dpi600\ecbx144
0.pk> <C:\Users\Brain\AppData\Local\MiKTeX\fonts/pk/ljfour/jknappen/ec/dpi600\e
crm1200.pk> <C:\Users\Brain\AppData\Local\MiKTeX\fonts/pk/ljfour/jknappen/ec/dp
i600\ecbx1200.pk> <C:\Users\Brain\AppData\Local\MiKTeX\fonts/pk/ljfour/jknappen
/ec/dpi600\ecbx1728.pk> <C:\Users\Brain\AppData\Local\MiKTeX\fonts/pk/ljfour/jk
nappen/ec/dpi600\ecrm2074.pk> <C:\Users\Brain\AppData\Local\MiKTeX\fonts/pk/ljf
our/jknappen/ec/dpi600\ecrm2488.pk> <C:\Users\Brain\AppData\Local\MiKTeX\fonts/
pk/ljfour/jknappen/ec/dpi600\ecrm1728.pk> <C:\Users\Brain\AppData\Local\MiKTeX\
fonts/pk/ljfour/jknappen/ec/dpi600\ecbx2074.pk><C:/Miktex/fonts/type1/public/fo
ntawesome/FontAwesome.pfb><C:/Miktex/fonts/type1/public/amsfonts/cm/cmbx12.pfb>
<C:/Miktex/fonts/type1/public/amsfonts/cm/cmbx8.pfb><C:/Miktex/fonts/type1/publ
ic/amsfonts/cm/cmex10.pfb><C:/Miktex/fonts/type1/public/amsfonts/cm/cmmi12.pfb>
<C:/Miktex/fonts/type1/public/amsfonts/cm/cmmi8.pfb><C:/Miktex/fonts/type1/publ
ic/amsfonts/cm/cmr12.pfb><C:/Miktex/fonts/type1/public/amsfonts/cm/cmr8.pfb><C:
/Miktex/fonts/type1/public/amsfonts/cm/cmsy10.pfb>
Output written on Proyecto2_EDA.pdf (15 pages, 17707609 bytes).
PDF statistics:
 742 PDF objects out of 1000 (max. 8388607)
 71 named destinations out of 1000 (max. 500000)
 341 words of extra memory for PDF output out of 10000 (max. 10000000)

