This is pdfTeX, Version 3.14159265-2.6-1.40.20 (MiKTeX 2.9.7250 64-bit) (preloaded format=pdflatex 2020.6.8)  20 JAN 2021 21:47
entering extended mode
**./Proyecto2_EDA.tex
(Proyecto2_EDA.tex
LaTeX2e <2019-10-01> patch level 3
("C:\Users\cydia\AppData\Local\Programs\MiKTeX 2.9\tex/latex/base\article.cls"
Document Class: article 2019/10/25 v1.4k Standard LaTeX document class
("C:\Users\cydia\AppData\Local\Programs\MiKTeX 2.9\tex/latex/base\size12.clo"
File: size12.clo 2019/10/25 v1.4k Standard LaTeX file (size option)
)
\c@part=\count80
\c@section=\count81
\c@subsection=\count82
\c@subsubsection=\count83
\c@paragraph=\count84
\c@subparagraph=\count85
\c@figure=\count86
\c@table=\count87
\abovecaptionskip=\skip41
\belowcaptionskip=\skip42
\bibindent=\dimen102
) ("C:\Users\cydia\AppData\Local\Programs\MiKTeX 2.9\tex/latex/base\inputenc.st
y"
Package: inputenc 2018/08/11 v1.3c Input encoding file
\inpenc@prehook=\toks14
\inpenc@posthook=\toks15
) ("C:\Users\cydia\AppData\Local\Programs\MiKTeX 2.9\tex/latex/base\fontenc.sty
"
Package: fontenc 2018/08/11 v2.0j Standard LaTeX package
 ("C:\Users\cydia\AppData\Local\Programs\MiKTeX 2.9\tex/latex/base\t1enc.def"
File: t1enc.def 2018/08/11 v2.0j Standard LaTeX file
LaTeX Font Info:    Redeclaring font encoding T1 on input line 48.
))
("C:\Users\cydia\AppData\Local\Programs\MiKTeX 2.9\tex/generic/babel\babel.sty"
Package: babel 2019/11/14 3.36 The Babel package
("C:\Users\cydia\AppData\Local\Programs\MiKTeX 2.9\tex/generic/babel\switch.def
"
File: switch.def 2019/11/14 3.36 Babel switching mechanism
)
*************************************
* Local config file bblopts.cfg used
*
("C:\Users\cydia\AppData\Local\Programs\MiKTeX 2.9\tex/latex/arabi\bblopts.cfg"
File: bblopts.cfg 2005/09/08 v0.1 add Arabic and Farsi to "declared" options of
 babel
)
("C:\Users\cydia\AppData\Local\Programs\MiKTeX 2.9\tex/latex/babel-spanish\span
ish.ldf"
Language: spanish.ldf 2016/03/03 v5.0p Spanish support from the babel system

("C:\Users\cydia\AppData\Local\Programs\MiKTeX 2.9\tex/generic/babel\babel.def"
File: babel.def 2019/11/14 3.36 Babel common definitions
\babel@savecnt=\count88
\U@D=\dimen103

("C:\Users\cydia\AppData\Local\Programs\MiKTeX 2.9\tex/generic/babel\txtbabel.d
ef")
\bbl@dirlevel=\count89
)
\es@quottoks=\toks16
\es@quotdepth=\count90
Package babel Info: Making " an active character on input line 561.
Package babel Info: Making . an active character on input line 662.
Package babel Info: Making < an active character on input line 707.
Package babel Info: Making > an active character on input line 707.
))
("C:\Users\cydia\AppData\Local\Programs\MiKTeX 2.9\tex/latex/amsmath\amsmath.st
y"
Package: amsmath 2019/11/16 v2.17d AMS math features
\@mathmargin=\skip43

For additional information on amsmath, use the `?' option.

("C:\Users\cydia\AppData\Local\Programs\MiKTeX 2.9\tex/latex/amsmath\amstext.st
y"
Package: amstext 2000/06/29 v2.01 AMS text

("C:\Users\cydia\AppData\Local\Programs\MiKTeX 2.9\tex/latex/amsmath\amsgen.sty
"
File: amsgen.sty 1999/11/30 v2.0 generic functions
\@emptytoks=\toks17
\ex@=\dimen104
))
("C:\Users\cydia\AppData\Local\Programs\MiKTeX 2.9\tex/latex/amsmath\amsbsy.sty
"
Package: amsbsy 1999/11/29 v1.2d Bold Symbols
\pmbraise@=\dimen105
)
("C:\Users\cydia\AppData\Local\Programs\MiKTeX 2.9\tex/latex/amsmath\amsopn.sty
"
Package: amsopn 2016/03/08 v2.02 operator names
)
\inf@bad=\count91
LaTeX Info: Redefining \frac on input line 227.
\uproot@=\count92
\leftroot@=\count93
LaTeX Info: Redefining \overline on input line 389.
\classnum@=\count94
\DOTSCASE@=\count95
LaTeX Info: Redefining \ldots on input line 486.
LaTeX Info: Redefining \dots on input line 489.
LaTeX Info: Redefining \cdots on input line 610.
\Mathstrutbox@=\box27
\strutbox@=\box28
\big@size=\dimen106
LaTeX Font Info:    Redeclaring font encoding OML on input line 733.
LaTeX Font Info:    Redeclaring font encoding OMS on input line 734.
\macc@depth=\count96
\c@MaxMatrixCols=\count97
\dotsspace@=\muskip10
\c@parentequation=\count98
\dspbrk@lvl=\count99
\tag@help=\toks18
\row@=\count100
\column@=\count101
\maxfields@=\count102
\andhelp@=\toks19
\eqnshift@=\dimen107
\alignsep@=\dimen108
\tagshift@=\dimen109
\tagwidth@=\dimen110
\totwidth@=\dimen111
\lineht@=\dimen112
\@envbody=\toks20
\multlinegap=\skip44
\multlinetaggap=\skip45
\mathdisplay@stack=\toks21
LaTeX Info: Redefining \[ on input line 2858.
LaTeX Info: Redefining \] on input line 2859.
)
("C:\Users\cydia\AppData\Local\Programs\MiKTeX 2.9\tex/latex/amsfonts\amsfonts.
sty"
Package: amsfonts 2013/01/14 v3.01 Basic AMSFonts support
\symAMSa=\mathgroup4
\symAMSb=\mathgroup5
LaTeX Font Info:    Redeclaring math symbol \hbar on input line 98.
LaTeX Font Info:    Overwriting math alphabet `\mathfrak' in version `bold'
(Font)                  U/euf/m/n --> U/euf/b/n on input line 106.
)
("C:\Users\cydia\AppData\Local\Programs\MiKTeX 2.9\tex/latex/amsfonts\amssymb.s
ty"
Package: amssymb 2013/01/14 v3.01 AMS font symbols
)
("C:\Users\cydia\AppData\Local\Programs\MiKTeX 2.9\tex/latex/xcolor\xcolor.sty"
Package: xcolor 2016/05/11 v2.12 LaTeX color extensions (UK)

("C:\Users\cydia\AppData\Local\Programs\MiKTeX 2.9\tex/latex/graphics-cfg\color
.cfg"
File: color.cfg 2016/01/02 v1.6 sample color configuration
)
Package xcolor Info: Driver file: pdftex.def on input line 225.

("C:\Users\cydia\AppData\Local\Programs\MiKTeX 2.9\tex/latex/graphics-def\pdfte
x.def"
File: pdftex.def 2018/01/08 v1.0l Graphics/color driver for pdftex
)
Package xcolor Info: Model `cmy' substituted by `cmy0' on input line 1348.
Package xcolor Info: Model `hsb' substituted by `rgb' on input line 1352.
Package xcolor Info: Model `RGB' extended on input line 1364.
Package xcolor Info: Model `HTML' substituted by `rgb' on input line 1366.
Package xcolor Info: Model `Hsb' substituted by `hsb' on input line 1367.
Package xcolor Info: Model `tHsb' substituted by `hsb' on input line 1368.
Package xcolor Info: Model `HSB' substituted by `hsb' on input line 1369.
Package xcolor Info: Model `Gray' substituted by `gray' on input line 1370.
Package xcolor Info: Model `wave' substituted by `hsb' on input line 1371.
)
("C:\Users\cydia\AppData\Local\Programs\MiKTeX 2.9\tex/latex/fancyhdr\fancyhdr.
sty"
Package: fancyhdr 2019/01/31 v3.10 Extensive control of page headers and footer
s
\f@nch@headwidth=\skip46
\f@nch@O@elh=\skip47
\f@nch@O@erh=\skip48
\f@nch@O@olh=\skip49
\f@nch@O@orh=\skip50
\f@nch@O@elf=\skip51
\f@nch@O@erf=\skip52
\f@nch@O@olf=\skip53
\f@nch@O@orf=\skip54
)
("C:\Users\cydia\AppData\Local\Programs\MiKTeX 2.9\tex/latex/hyperref\hyperref.
sty"
Package: hyperref 2019/11/10 v7.00c Hypertext links for LaTeX

("C:\Users\cydia\AppData\Local\Programs\MiKTeX 2.9\tex/generic/oberdiek\ltxcmds
.sty"
Package: ltxcmds 2016/05/16 v1.23 LaTeX kernel commands for general use (HO)
)
("C:\Users\cydia\AppData\Local\Programs\MiKTeX 2.9\tex/generic/iftex\iftex.sty"
Package: iftex 2019/11/07 v1.0c TeX engine tests
)
("C:\Users\cydia\AppData\Local\Programs\MiKTeX 2.9\tex/latex/pdftexcmds\pdftexc
mds.sty"
Package: pdftexcmds 2019/11/24 v0.31 Utility functions of pdfTeX for LuaTeX (HO
)

("C:\Users\cydia\AppData\Local\Programs\MiKTeX 2.9\tex/generic/oberdiek\infware
rr.sty"
Package: infwarerr 2016/05/16 v1.4 Providing info/warning/error messages (HO)
)
Package pdftexcmds Info: \pdf@primitive is available.
Package pdftexcmds Info: \pdf@ifprimitive is available.
Package pdftexcmds Info: \pdfdraftmode found.
)
("C:\Users\cydia\AppData\Local\Programs\MiKTeX 2.9\tex/latex/graphics\keyval.st
y"
Package: keyval 2014/10/28 v1.15 key=value parser (DPC)
\KV@toks@=\toks22
)
("C:\Users\cydia\AppData\Local\Programs\MiKTeX 2.9\tex/generic/oberdiek\kvsetke
ys.sty"
Package: kvsetkeys 2016/05/16 v1.17 Key value parser (HO)

("C:\Users\cydia\AppData\Local\Programs\MiKTeX 2.9\tex/generic/oberdiek\etexcmd
s.sty"
Package: etexcmds 2016/05/16 v1.6 Avoid name clashes with e-TeX commands (HO)

("C:\Users\cydia\AppData\Local\Programs\MiKTeX 2.9\tex/generic/iftex\ifluatex.s
ty"
Package: ifluatex 2019/10/25 v1.5 ifluatex legacy package. Use iftex instead.
)))
("C:\Users\cydia\AppData\Local\Programs\MiKTeX 2.9\tex/generic/oberdiek\kvdefin
ekeys.sty"
Package: kvdefinekeys 2016/05/16 v1.4 Define keys (HO)
)
("C:\Users\cydia\AppData\Local\Programs\MiKTeX 2.9\tex/generic/oberdiek\pdfesca
pe.sty"
Package: pdfescape 2016/05/16 v1.14 Implements pdfTeX's escape features (HO)
)
("C:\Users\cydia\AppData\Local\Programs\MiKTeX 2.9\tex/latex/oberdiek\hycolor.s
ty"
Package: hycolor 2016/05/16 v1.8 Color options for hyperref/bookmark (HO)

("C:\Users\cydia\AppData\Local\Programs\MiKTeX 2.9\tex/latex/oberdiek\xcolor-pa
tch.sty"
Package: xcolor-patch 2016/05/16 xcolor patch

("C:\Users\cydia\AppData\Local\Programs\MiKTeX 2.9\tex/latex/oberdiek\hopatch.s
ty"
Package: hopatch 2016/05/16 v1.3 Wrapper for package hooks (HO)
)))
("C:\Users\cydia\AppData\Local\Programs\MiKTeX 2.9\tex/latex/oberdiek\letltxmac
ro.sty"
Package: letltxmacro 2016/05/16 v1.5 Let assignment for LaTeX macros (HO)
)
("C:\Users\cydia\AppData\Local\Programs\MiKTeX 2.9\tex/latex/oberdiek\auxhook.s
ty"
Package: auxhook 2016/05/16 v1.4 Hooks for auxiliary files (HO)
)
("C:\Users\cydia\AppData\Local\Programs\MiKTeX 2.9\tex/latex/oberdiek\kvoptions
.sty"
Package: kvoptions 2016/05/16 v3.12 Key value format for package options (HO)
)
\@linkdim=\dimen113
\Hy@linkcounter=\count103
\Hy@pagecounter=\count104

("C:\Users\cydia\AppData\Local\Programs\MiKTeX 2.9\tex/latex/hyperref\pd1enc.de
f"
File: pd1enc.def 2019/11/10 v7.00c Hyperref: PDFDocEncoding definition (HO)
Now handling font encoding PD1 ...
... no UTF-8 mapping file for font encoding PD1
)
("C:\Users\cydia\AppData\Local\Programs\MiKTeX 2.9\tex/generic/oberdiek\intcalc
.sty"
Package: intcalc 2016/05/16 v1.2 Expandable calculations with integers (HO)
)
\Hy@SavedSpaceFactor=\count105

("C:\Users\cydia\AppData\Local\Programs\MiKTeX 2.9\tex/latex/00miktex\hyperref.
cfg"
File: hyperref.cfg 2002/06/06 v1.2 hyperref configuration of TeXLive
)
Package hyperref Info: Hyper figures OFF on input line 4535.
Package hyperref Info: Link nesting OFF on input line 4540.
Package hyperref Info: Hyper index ON on input line 4543.
Package hyperref Info: Plain pages OFF on input line 4550.
Package hyperref Info: Backreferencing OFF on input line 4555.
Package hyperref Info: Implicit mode ON; LaTeX internals redefined.
Package hyperref Info: Bookmarks ON on input line 4788.
\c@Hy@tempcnt=\count106
 ("C:\Users\cydia\AppData\Local\Programs\MiKTeX 2.9\tex/latex/url\url.sty"
\Urlmuskip=\muskip11
Package: url 2013/09/16  ver 3.4  Verb mode for urls, etc.
)
LaTeX Info: Redefining \url on input line 5147.
\XeTeXLinkMargin=\dimen114

("C:\Users\cydia\AppData\Local\Programs\MiKTeX 2.9\tex/generic/oberdiek\bitset.
sty"
Package: bitset 2016/05/16 v1.2 Handle bit-vector datatype (HO)

("C:\Users\cydia\AppData\Local\Programs\MiKTeX 2.9\tex/generic/oberdiek\bigintc
alc.sty"
Package: bigintcalc 2016/05/16 v1.4 Expandable calculations on big integers (HO
)
))
\Fld@menulength=\count107
\Field@Width=\dimen115
\Fld@charsize=\dimen116
Package hyperref Info: Hyper figures OFF on input line 6418.
Package hyperref Info: Link nesting OFF on input line 6423.
Package hyperref Info: Hyper index ON on input line 6426.
Package hyperref Info: backreferencing OFF on input line 6433.
Package hyperref Info: Link coloring OFF on input line 6438.
Package hyperref Info: Link coloring with OCG OFF on input line 6443.
Package hyperref Info: PDF/A mode OFF on input line 6448.
LaTeX Info: Redefining \ref on input line 6488.
LaTeX Info: Redefining \pageref on input line 6492.

("C:\Users\cydia\AppData\Local\Programs\MiKTeX 2.9\tex/generic/oberdiek\atbegsh
i.sty"
Package: atbegshi 2016/06/09 v1.18 At begin shipout hook (HO)

("C:\Users\cydia\AppData\Local\Programs\MiKTeX 2.9\tex/generic/iftex\ifpdf.sty"
Package: ifpdf 2019/10/25 v3.4 ifpdf legacy package. Use iftex instead.
))
\Hy@abspage=\count108
\c@Item=\count109
\c@Hfootnote=\count110
)
Package hyperref Info: Driver (autodetected): hpdftex.

("C:\Users\cydia\AppData\Local\Programs\MiKTeX 2.9\tex/latex/hyperref\hpdftex.d
ef"
File: hpdftex.def 2019/11/10 v7.00c Hyperref driver for pdfTeX

("C:\Users\cydia\AppData\Local\Programs\MiKTeX 2.9\tex/latex/oberdiek\atveryend
.sty"
Package: atveryend 2016/05/16 v1.9 Hooks at the very end of document (HO)
Package atveryend Info: \enddocument detected (standard20110627).
)
\Fld@listcount=\count111
\c@bookmark@seq@number=\count112

("C:\Users\cydia\AppData\Local\Programs\MiKTeX 2.9\tex/latex/oberdiek\rerunfile
check.sty"
Package: rerunfilecheck 2016/05/16 v1.8 Rerun checks for auxiliary files (HO)

("C:\Users\cydia\AppData\Local\Programs\MiKTeX 2.9\tex/generic/oberdiek\uniquec
ounter.sty"
Package: uniquecounter 2016/05/16 v1.3 Provide unlimited unique counter (HO)
)
Package uniquecounter Info: New unique counter `rerunfilecheck' on input line 2
85.
)
\Hy@SectionHShift=\skip55
)
("C:\Users\cydia\AppData\Local\Programs\MiKTeX 2.9\tex/latex/parskip\parskip.st
y"
Package: parskip 2020-05-19 v2.0e non-zero parskip adjustments

("C:\Users\cydia\AppData\Local\Programs\MiKTeX 2.9\tex/latex/etoolbox\etoolbox.
sty"
Package: etoolbox 2019/09/21 v2.5h e-TeX tools for LaTeX (JAW)
\etb@tempcnta=\count113
))
("C:\Users\cydia\AppData\Local\Programs\MiKTeX 2.9\tex/latex/float\float.sty"
Package: float 2001/11/08 v1.3d Float enhancements (AL)
\c@float@type=\count114
\float@exts=\toks23
\float@box=\box29
\@float@everytoks=\toks24
\@floatcapt=\box30
)
("C:\Users\cydia\AppData\Local\Programs\MiKTeX 2.9\tex/latex/listings\listings.
sty"
\lst@mode=\count115
\lst@gtempboxa=\box31
\lst@token=\toks25
\lst@length=\count116
\lst@currlwidth=\dimen117
\lst@column=\count117
\lst@pos=\count118
\lst@lostspace=\dimen118
\lst@width=\dimen119
\lst@newlines=\count119
\lst@lineno=\count120
\lst@maxwidth=\dimen120

("C:\Users\cydia\AppData\Local\Programs\MiKTeX 2.9\tex/latex/listings\lstmisc.s
ty"
File: lstmisc.sty 2020/03/24 1.8d (Carsten Heinz)
\c@lstnumber=\count121
\lst@skipnumbers=\count122
\lst@framebox=\box32
)
("C:\Users\cydia\AppData\Local\Programs\MiKTeX 2.9\tex/latex/listings\listings.
cfg"
File: listings.cfg 2020/03/24 1.8d listings configuration
))
Package: listings 2020/03/24 1.8d (Carsten Heinz)

("C:\Users\cydia\AppData\Local\Programs\MiKTeX 2.9\tex/latex/subfigure\subfigur
e.sty"
Package: subfigure 2002/07/30 v2.1.4 subfigure package
\subfigtopskip=\skip56
\subfigcapskip=\skip57
\subfigcaptopadj=\dimen121
\subfigbottomskip=\skip58
\subfigcapmargin=\dimen122
\subfiglabelskip=\skip59
\c@subfigure=\count123
\c@lofdepth=\count124
\c@subtable=\count125
\c@lotdepth=\count126

****************************************
* Local config file subfigure.cfg used *
****************************************

("C:\Users\cydia\AppData\Local\Programs\MiKTeX 2.9\tex/latex/subfigure\subfigur
e.cfg")
\subfig@top=\skip60
\subfig@bottom=\skip61
)
("C:\Users\cydia\AppData\Local\Programs\MiKTeX 2.9\tex/latex/epstopdf-pkg\epsto
pdf.sty"
Package: epstopdf 2019/11/24 v2.7 Conversion with epstopdf on the fly (HO)

("C:\Users\cydia\AppData\Local\Programs\MiKTeX 2.9\tex/latex/epstopdf-pkg\epsto
pdf-base.sty"
Package: epstopdf-base 2019/11/24 v2.7 Base part for package epstopdf

("C:\Users\cydia\AppData\Local\Programs\MiKTeX 2.9\tex/latex/oberdiek\grfext.st
y"
Package: grfext 2016/05/16 v1.2 Manage graphics extensions (HO)
)

Package epstopdf Warning: No graphics package `graphic{s,x}' loaded.

))
("C:\Users\cydia\AppData\Local\Programs\MiKTeX 2.9\tex/latex/setspace\setspace.
sty"
Package: setspace 2011/12/19 v6.7a set line spacing
)
("C:\Users\cydia\AppData\Local\Programs\MiKTeX 2.9\tex/latex/filecontents\filec
ontents.sty"
Package: filecontents 2019/09/20 v1.5 Create an external file from within a LaT
eX document


Package filecontents Warning: This package is obsolete. Disabling it and
(filecontents)                passing control to the filecontents environment
(filecontents)                defined by the LaTeX kernel.

) ("C:\Users\cydia\AppData\Local\Programs\MiKTeX 2.9\tex/latex/cite\cite.sty"
LaTeX Info: Redefining \cite on input line 302.
LaTeX Info: Redefining \nocite on input line 332.
Package: cite 2015/02/27  v 5.5
)
("C:\Users\cydia\AppData\Local\Programs\MiKTeX 2.9\tex/latex/geometry\geometry.
sty"
Package: geometry 2020/01/02 v5.9 Page Geometry

("C:\Users\cydia\AppData\Local\Programs\MiKTeX 2.9\tex/generic/iftex\ifvtex.sty
"
Package: ifvtex 2019/10/25 v1.7 ifvtex legacy package. Use iftex instead.
)
\Gm@cnth=\count127
\Gm@cntv=\count128
\c@Gm@tempcnt=\count129
\Gm@bindingoffset=\dimen123
\Gm@wd@mp=\dimen124
\Gm@odd@mp=\dimen125
\Gm@even@mp=\dimen126
\Gm@layoutwidth=\dimen127
\Gm@layoutheight=\dimen128
\Gm@layouthoffset=\dimen129
\Gm@layoutvoffset=\dimen130
\Gm@dimlist=\toks26

("C:\Users\cydia\AppData\Local\Programs\MiKTeX 2.9\tex/latex/geometry\geometry.
cfg"))
("C:\Users\cydia\AppData\Local\Programs\MiKTeX 2.9\tex/latex/blindtext\blindtex
t.sty"
Package: blindtext 2012/01/06 V2.0 blindtext-Package

("C:\Users\cydia\AppData\Local\Programs\MiKTeX 2.9\tex/latex/tools\xspace.sty"
Package: xspace 2014/10/28 v1.13 Space after command names (DPC,MH)
)
\c@blindtext=\count130
\c@Blindtext=\count131
\c@blind@countparstart=\count132
\blind@countxx=\count133
\blindtext@numBlindtext=\count134
\blind@countyy=\count135
\c@blindlist=\count136
\c@blindlistlevel=\count137
\c@blindlist@level=\count138
\blind@listitem=\count139
\c@blind@listcount=\count140
\c@blind@levelcount=\count141
\blind@mathformula=\count142
\blind@Mathformula=\count143
\c@blind@randomcount=\count144
\c@blind@randommax=\count145
\c@blind@pangramcount=\count146
\c@blind@pangrammax=\count147
)
("C:\Users\cydia\AppData\Local\Programs\MiKTeX 2.9\tex/latex/enumitem\enumitem.
sty"
Package: enumitem 2019/06/20 v3.9 Customized lists
\labelindent=\skip62
\enit@outerparindent=\dimen131
\enit@toks=\toks27
\enit@inbox=\box33
\enit@count@id=\count148
\enitdp@description=\count149
)
("C:\Users\cydia\AppData\Local\Programs\MiKTeX 2.9\tex/latex/tools\array.sty"
Package: array 2019/08/31 v2.4l Tabular extension package (FMi)
\col@sep=\dimen132
\ar@mcellbox=\box34
\extrarowheight=\dimen133
\NC@list=\toks28
\extratabsurround=\skip63
\backup@length=\skip64
\ar@cellbox=\box35
)
("C:\Users\cydia\AppData\Local\Programs\MiKTeX 2.9\tex/latex/graphics\graphicx.
sty"
Package: graphicx 2017/06/01 v1.1a Enhanced LaTeX Graphics (DPC,SPQR)

("C:\Users\cydia\AppData\Local\Programs\MiKTeX 2.9\tex/latex/graphics\graphics.
sty"
Package: graphics 2019/11/01 v1.3d Standard LaTeX Graphics (DPC,SPQR)

("C:\Users\cydia\AppData\Local\Programs\MiKTeX 2.9\tex/latex/graphics\trig.sty"
Package: trig 2016/01/03 v1.10 sin cos tan (DPC)
)
("C:\Users\cydia\AppData\Local\Programs\MiKTeX 2.9\tex/latex/graphics-cfg\graph
ics.cfg"
File: graphics.cfg 2016/06/04 v1.11 sample graphics configuration
)
Package graphics Info: Driver file: pdftex.def on input line 105.
)
\Gin@req@height=\dimen134
\Gin@req@width=\dimen135
)
("C:\Users\cydia\AppData\Local\Programs\MiKTeX 2.9\tex/latex/fontawesome\fontaw
esome.sty"
Package: fontawesome 2016/05/15 v4.6.3.1 font awesome icons

("C:\Users\cydia\AppData\Local\Programs\MiKTeX 2.9\tex/generic/iftex\ifxetex.st
y"
Package: ifxetex 2019/10/25 v0.7 ifxetex legacy package. Use iftex instead.
)
("C:\Users\cydia\AppData\Local\Programs\MiKTeX 2.9\tex/latex/fontawesome\fontaw
esomesymbols-generic.tex")
("C:\Users\cydia\AppData\Local\Programs\MiKTeX 2.9\tex/latex/fontawesome\fontaw
esomesymbols-pdftex.tex")) (Proyecto2_EDA.aux (caratula.aux)
LaTeX Info: Redefining \. on input line 25.
LaTeX Info: Redefining \% on input line 25.
)
\openout1 = `Proyecto2_EDA.aux'.

LaTeX Font Info:    Checking defaults for OML/cmm/m/it on input line 53.
LaTeX Font Info:    ... okay on input line 53.
LaTeX Font Info:    Checking defaults for T1/cmr/m/n on input line 53.
LaTeX Font Info:    ... okay on input line 53.
LaTeX Font Info:    Checking defaults for OT1/cmr/m/n on input line 53.
LaTeX Font Info:    ... okay on input line 53.
LaTeX Font Info:    Checking defaults for OMS/cmsy/m/n on input line 53.
LaTeX Font Info:    ... okay on input line 53.
LaTeX Font Info:    Checking defaults for OMX/cmex/m/n on input line 53.
LaTeX Font Info:    ... okay on input line 53.
LaTeX Font Info:    Checking defaults for U/cmr/m/n on input line 53.
LaTeX Font Info:    ... okay on input line 53.
LaTeX Font Info:    Checking defaults for PD1/pdf/m/n on input line 53.
LaTeX Font Info:    ... okay on input line 53.
LaTeX Info: Redefining \. on input line 53.
LaTeX Info: Redefining \% on input line 53.

("C:\Users\cydia\AppData\Local\Programs\MiKTeX 2.9\tex/context/base/mkii\supp-p
df.mkii"
[Loading MPS to PDF converter (version 2006.09.02).]
\scratchcounter=\count150
\scratchdimen=\dimen136
\scratchbox=\box36
\nofMPsegments=\count151
\nofMParguments=\count152
\everyMPshowfont=\toks29
\MPscratchCnt=\count153
\MPscratchDim=\dimen137
\MPnumerator=\count154
\makeMPintoPDFobject=\count155
\everyMPtoPDFconversion=\toks30
)
\AtBeginShipoutBox=\box37
Package hyperref Info: Link coloring OFF on input line 53.

("C:\Users\cydia\AppData\Local\Programs\MiKTeX 2.9\tex/latex/hyperref\nameref.s
ty"
Package: nameref 2019/09/16 v2.46 Cross-referencing by name of section

("C:\Users\cydia\AppData\Local\Programs\MiKTeX 2.9\tex/latex/oberdiek\refcount.
sty"
Package: refcount 2016/05/16 v3.5 Data extraction from label references (HO)
)
("C:\Users\cydia\AppData\Local\Programs\MiKTeX 2.9\tex/generic/oberdiek\gettitl
estring.sty"
Package: gettitlestring 2016/05/16 v1.5 Cleanup title references (HO)
)
\c@section@level=\count156
)
LaTeX Info: Redefining \ref on input line 53.
LaTeX Info: Redefining \pageref on input line 53.
LaTeX Info: Redefining \nameref on input line 53.
 (Proyecto2_EDA.out) (Proyecto2_EDA.out)
\@outlinefile=\write3
\openout3 = `Proyecto2_EDA.out'.

\c@lstlisting=\count157

*geometry* driver: auto-detecting
*geometry* detected driver: pdftex
*geometry* verbose mode - [ preamble ] result:
* driver: pdftex
* paper: a4paper
* layout: <same size as paper>
* layoutoffset:(h,v)=(0.0pt,0.0pt)
* modes: 
* h-part:(L,W,R)=(56.9055pt, 483.69687pt, 56.9055pt)
* v-part:(T,H,B)=(56.9055pt, 731.23584pt, 56.9055pt)
* \paperwidth=597.50787pt
* \paperheight=845.04684pt
* \textwidth=483.69687pt
* \textheight=731.23584pt
* \oddsidemargin=-15.36449pt
* \evensidemargin=-15.36449pt
* \topmargin=-52.36449pt
* \headheight=100.2pt
* \headsep=25.0pt
* \topskip=12.0pt
* \footskip=30.0pt
* \marginparwidth=35.0pt
* \marginparsep=10.0pt
* \columnsep=10.0pt
* \skip\footins=10.8pt plus 4.0pt minus 2.0pt
* \hoffset=0.0pt
* \voffset=0.0pt
* \mag=1000
* \@twocolumnfalse
* \@twosidefalse
* \@mparswitchfalse
* \@reversemarginfalse
* (1in=72.27pt=25.4mm, 1cm=28.453pt)

*geometry* verbose mode - [ newgeometry ] result:
* driver: pdftex
* paper: a4paper
* layout: <same size as paper>
* layoutoffset:(h,v)=(0.0pt,0.0pt)
* modes: 
* h-part:(L,W,R)=(56.9055pt, 483.69687pt, 56.9055pt)
* v-part:(T,H,B)=(28.45274pt, 759.6886pt, 56.9055pt)
* \paperwidth=597.50787pt
* \paperheight=845.04684pt
* \textwidth=483.69687pt
* \textheight=759.6886pt
* \oddsidemargin=-15.36449pt
* \evensidemargin=-15.36449pt
* \topmargin=-169.01724pt
* \headheight=100.2pt
* \headsep=25.0pt
* \topskip=12.0pt
* \footskip=30.0pt
* \marginparwidth=35.0pt
* \marginparsep=10.0pt
* \columnsep=10.0pt
* \skip\footins=10.8pt plus 4.0pt minus 2.0pt
* \hoffset=0.0pt
* \voffset=0.0pt
* \mag=1000
* \@twocolumnfalse
* \@twosidefalse
* \@mparswitchfalse
* \@reversemarginfalse
* (1in=72.27pt=25.4mm, 1cm=28.453pt)

\openout2 = `caratula.aux'.

(caratula.tex
LaTeX Font Info:    Trying to load font information for U+msa on input line 4.

("C:\Users\cydia\AppData\Local\Programs\MiKTeX 2.9\tex/latex/amsfonts\umsa.fd"
File: umsa.fd 2013/01/14 v3.01 AMS symbols A
)
LaTeX Font Info:    Trying to load font information for U+msb on input line 4.
("C:\Users\cydia\AppData\Local\Programs\MiKTeX 2.9\tex/latex/amsfonts\umsb.fd"
File: umsb.fd 2013/01/14 v3.01 AMS symbols B
)
<escudoUNAM.png, id=103, 803.0pt x 803.0pt>
File: escudoUNAM.png Graphic file (type png)
<use escudoUNAM.png>
Package pdftex.def Info: escudoUNAM.png  used on input line 5.
(pdftex.def)             Requested size: 144.53375pt x 144.53375pt.
<escudoFI.png, id=105, 361.35pt x 505.89pt>
File: escudoFI.png Graphic file (type png)
<use escudoFI.png>
Package pdftex.def Info: escudoFI.png  used on input line 5.
(pdftex.def)             Requested size: 104.78882pt x 146.70433pt.

Overfull \hbox (120.73788pt too wide) in paragraph at lines 4--8
 [] 
 []

[1



{C:/Users/cydia/AppData/Local/MiKTeX/2.9/pdftex/config/pdftex.map} <./escudoUNA
M.png> <./escudoFI.png>])
*geometry* verbose mode - [ newgeometry ] result:
* driver: pdftex
* paper: a4paper
* layout: <same size as paper>
* layoutoffset:(h,v)=(0.0pt,0.0pt)
* modes: 
* h-part:(L,W,R)=(56.9055pt, 483.69687pt, 56.9055pt)
* v-part:(T,H,B)=(128.0374pt, 660.10394pt, 56.9055pt)
* \paperwidth=597.50787pt
* \paperheight=845.04684pt
* \textwidth=483.69687pt
* \textheight=660.10394pt
* \oddsidemargin=-15.36449pt
* \evensidemargin=-15.36449pt
* \topmargin=-69.43259pt
* \headheight=100.2pt
* \headsep=25.0pt
* \topskip=12.0pt
* \footskip=30.0pt
* \marginparwidth=35.0pt
* \marginparsep=10.0pt
* \columnsep=10.0pt
* \skip\footins=10.8pt plus 4.0pt minus 2.0pt
* \hoffset=0.0pt
* \voffset=0.0pt
* \mag=1000
* \@twocolumnfalse
* \@twosidefalse
* \@mparswitchfalse
* \@reversemarginfalse
* (1in=72.27pt=25.4mm, 1cm=28.453pt)

 (Proyecto2_EDA.toc
LaTeX Info: Redefining \. on input line 1.
LaTeX Info: Redefining \% on input line 1.
)
\tf@toc=\write4
\openout4 = `Proyecto2_EDA.toc'.

File: escudoUNAM.png Graphic file (type png)
<use escudoUNAM.png>
Package pdftex.def Info: escudoUNAM.png  used on input line 63.
(pdftex.def)             Requested size: 68.26022pt x 68.26022pt.
File: escudoFI.png Graphic file (type png)
<use escudoFI.png>
Package pdftex.def Info: escudoFI.png  used on input line 63.
(pdftex.def)             Requested size: 50.58865pt x 70.82411pt.
pdfTeX warning (ext4): destination with the same identifier (name{page.1}) has 
been already used, duplicate ignored
<to be read again> 
                   \relax 
l.63 	\clearpage
                 [1



]
File: escudoUNAM.png Graphic file (type png)
<use escudoUNAM.png>
Package pdftex.def Info: escudoUNAM.png  used on input line 84.
(pdftex.def)             Requested size: 68.26022pt x 68.26022pt.
File: escudoFI.png Graphic file (type png)
<use escudoFI.png>
Package pdftex.def Info: escudoFI.png  used on input line 84.
(pdftex.def)             Requested size: 50.58865pt x 70.82411pt.
 [2

]
<romanesco.jpg, id=154, 2007.5pt x 1337.99875pt>
File: romanesco.jpg Graphic file (type jpg)
<use romanesco.jpg>
Package pdftex.def Info: romanesco.jpg  used on input line 87.
(pdftex.def)             Requested size: 220.82568pt x 147.18031pt.
<planocomplejo.png, id=155, 928.46875pt x 770.88pt>
File: planocomplejo.png Graphic file (type png)
<use planocomplejo.png>
Package pdftex.def Info: planocomplejo.png  used on input line 95.
(pdftex.def)             Requested size: 139.2643pt x 115.627pt.
File: escudoUNAM.png Graphic file (type png)
<use escudoUNAM.png>
Package pdftex.def Info: escudoUNAM.png  used on input line 103.
(pdftex.def)             Requested size: 68.26022pt x 68.26022pt.
File: escudoFI.png Graphic file (type png)
<use escudoFI.png>
Package pdftex.def Info: escudoFI.png  used on input line 103.
(pdftex.def)             Requested size: 50.58865pt x 70.82411pt.
 [3pdfTeX warning (ext4): destination with the same identifier (name{figure.1})
 has been already used, duplicate ignored

\AtBegShi@Output ...ipout \box \AtBeginShipoutBox 
                                                  \fi \fi 
l.103 		
        pdfTeX warning (ext4): destination with the same identifier (name{figur
e.2}) has been already used, duplicate ignored

\AtBegShi@Output ...ipout \box \AtBeginShipoutBox 
                                                  \fi \fi 
l.103 		
         <./romanesco.jpg> <./planocomplejo.png>]
File: escudoUNAM.png Graphic file (type png)
<use escudoUNAM.png>
Package pdftex.def Info: escudoUNAM.png  used on input line 138.
(pdftex.def)             Requested size: 68.26022pt x 68.26022pt.
File: escudoFI.png Graphic file (type png)
<use escudoFI.png>
Package pdftex.def Info: escudoFI.png  used on input line 138.
(pdftex.def)             Requested size: 50.58865pt x 70.82411pt.
 [4]
Underfull \hbox (badness 10000) in paragraph at lines 152--153

 []

File: escudoUNAM.png Graphic file (type png)
<use escudoUNAM.png>
Package pdftex.def Info: escudoUNAM.png  used on input line 167.
(pdftex.def)             Requested size: 68.26022pt x 68.26022pt.
File: escudoFI.png Graphic file (type png)
<use escudoFI.png>
Package pdftex.def Info: escudoFI.png  used on input line 167.
(pdftex.def)             Requested size: 50.58865pt x 70.82411pt.
[5]
File: escudoUNAM.png Graphic file (type png)
<use escudoUNAM.png>
Package pdftex.def Info: escudoUNAM.png  used on input line 197.
(pdftex.def)             Requested size: 68.26022pt x 68.26022pt.
File: escudoFI.png Graphic file (type png)
<use escudoFI.png>
Package pdftex.def Info: escudoFI.png  used on input line 197.
(pdftex.def)             Requested size: 50.58865pt x 70.82411pt.
 [6]
Overfull \hbox (10.87581pt too wide) in paragraph at lines 200--203
[][] 
 []

LaTeX Font Info:    Trying to load font information for U+fontawesometwo on inp
ut line 207.

("C:\Users\cydia\AppData\Local\Programs\MiKTeX 2.9\tex/latex/fontawesome\ufonta
wesometwo.fd"
File: ufontawesometwo.fd 2016/05/22 Font definitions for U/fontawesometwo.
)

LaTeX Font Warning: Font shape `U/fontawesometwo/bx/n' undefined
(Font)              using `U/fontawesometwo/m/n' instead on input line 207.

<bufferedimage.png, id=186, 724.95844pt x 25.59563pt>
File: bufferedimage.png Graphic file (type png)
<use bufferedimage.png>
Package pdftex.def Info: bufferedimage.png  used on input line 223.
(pdftex.def)             Requested size: 483.69687pt x 17.07788pt.
File: escudoUNAM.png Graphic file (type png)
<use escudoUNAM.png>
Package pdftex.def Info: escudoUNAM.png  used on input line 228.
(pdftex.def)             Requested size: 68.26022pt x 68.26022pt.
File: escudoFI.png Graphic file (type png)
<use escudoFI.png>
Package pdftex.def Info: escudoFI.png  used on input line 228.
(pdftex.def)             Requested size: 50.58865pt x 70.82411pt.
[7pdfTeX warning (ext4): destination with the same identifier (name{figure.3}) 
has been already used, duplicate ignored

\AtBegShi@Output ...ipout \box \AtBeginShipoutBox 
                                                  \fi \fi 
l.228 			
          <./bufferedimage.png>]
<setrgb.png, id=194, 342.5297pt x 33.87656pt>
File: setrgb.png Graphic file (type png)
<use setrgb.png>
Package pdftex.def Info: setrgb.png  used on input line 231.
(pdftex.def)             Requested size: 171.26442pt x 16.93823pt.
<file.png, id=195, 524.71031pt x 30.1125pt>
File: file.png Graphic file (type png)
<use file.png>
Package pdftex.def Info: file.png  used on input line 240.
(pdftex.def)             Requested size: 367.29471pt x 21.07858pt.
<imageio.png, id=196, 615.80063pt x 162.6075pt>
File: imageio.png Graphic file (type png)
<use imageio.png>
Package pdftex.def Info: imageio.png  used on input line 248.
(pdftex.def)             Requested size: 307.89955pt x 81.30354pt.
File: escudoUNAM.png Graphic file (type png)
<use escudoUNAM.png>
Package pdftex.def Info: escudoUNAM.png  used on input line 257.
(pdftex.def)             Requested size: 68.26022pt x 68.26022pt.
File: escudoFI.png Graphic file (type png)
<use escudoFI.png>
Package pdftex.def Info: escudoFI.png  used on input line 257.
(pdftex.def)             Requested size: 50.58865pt x 70.82411pt.
 [8pdfTeX warning (ext4): destination with the same identifier (name{figure.4})
 has been already used, duplicate ignored

\AtBegShi@Output ...ipout \box \AtBeginShipoutBox 
                                                  \fi \fi 
l.257 						
            pdfTeX warning (ext4): destination with the same identifier (name{f
igure.5}) has been already used, duplicate ignored

\AtBegShi@Output ...ipout \box \AtBeginShipoutBox 
                                                  \fi \fi 
l.257 						
            pdfTeX warning (ext4): destination with the same identifier (name{f
igure.6}) has been already used, duplicate ignored

\AtBegShi@Output ...ipout \box \AtBeginShipoutBox 
                                                  \fi \fi 
l.257 						
             <./setrgb.png> <./file.png> <./imageio.png>]
<secuencial.png, id=207, 1028.34187pt x 578.16pt>
File: secuencial.png Graphic file (type png)
<use secuencial.png>
Package pdftex.def Info: secuencial.png  used on input line 263.
(pdftex.def)             Requested size: 514.16968pt x 289.07928pt.

Overfull \hbox (30.47281pt too wide) in paragraph at lines 263--264
 [][] 
 []


Underfull \hbox (badness 10000) in paragraph at lines 269--272

 []

File: escudoUNAM.png Graphic file (type png)
<use escudoUNAM.png>
Package pdftex.def Info: escudoUNAM.png  used on input line 272.
(pdftex.def)             Requested size: 68.26022pt x 68.26022pt.
File: escudoFI.png Graphic file (type png)
<use escudoFI.png>
Package pdftex.def Info: escudoFI.png  used on input line 272.
(pdftex.def)             Requested size: 50.58865pt x 70.82411pt.
[9pdfTeX warning (ext4): destination with the same identifier (name{figure.7}) 
has been already used, duplicate ignored

\AtBegShi@Output ...ipout \box \AtBeginShipoutBox 
                                                  \fi \fi 
l.272 		
         <./secuencial.png>]
<prueba2.png, id=213, 512.66531pt x 149.8097pt>
File: prueba2.png Graphic file (type png)
<use prueba2.png>
Package pdftex.def Info: prueba2.png  used on input line 275.
(pdftex.def)             Requested size: 154.78653pt x 45.23126pt.
<8threads_4pics_1.png, id=214, 1927.2pt x 1084.05pt>
File: 8threads_4pics_1.png Graphic file (type png)
<use 8threads_4pics_1.png>
Package pdftex.def Info: 8threads_4pics_1.png  used on input line 279.
(pdftex.def)             Requested size: 145.11053pt x 81.61452pt.
<8threads_4pics_2.png, id=215, 1927.2pt x 1084.05pt>
File: 8threads_4pics_2.png Graphic file (type png)
<use 8threads_4pics_2.png>
Package pdftex.def Info: 8threads_4pics_2.png  used on input line 283.
(pdftex.def)             Requested size: 145.11053pt x 81.61452pt.
<prueba2_10it.png, id=216, 383.18156pt x 136.25906pt>
File: prueba2_10it.png Graphic file (type png)
<use prueba2_10it.png>
Package pdftex.def Info: prueba2_10it.png  used on input line 290.
(pdftex.def)             Requested size: 154.78653pt x 55.04114pt.
<2threads_1img_1.png, id=217, 3854.4pt x 2168.1pt>
File: 2threads_1img_1.png Graphic file (type png)
<use 2threads_1img_1.png>
Package pdftex.def Info: 2threads_1img_1.png  used on input line 294.
(pdftex.def)             Requested size: 145.11053pt x 81.61452pt.
<2threads_1img_2.png, id=218, 3854.4pt x 2168.1pt>
File: 2threads_1img_2.png Graphic file (type png)
<use 2threads_1img_2.png>
Package pdftex.def Info: 2threads_1img_2.png  used on input line 298.
(pdftex.def)             Requested size: 145.11053pt x 81.61452pt.
<prueba_1threads_1pics4K_100it1_1.png, id=219, 465.99094pt x 149.05687pt>
File: prueba_1threads_1pics4K_100it1_1.png Graphic file (type png)
<use prueba_1threads_1pics4K_100it1_1.png>
Package pdftex.def Info: prueba_1threads_1pics4K_100it1_1.png  used on input li
ne 305.
(pdftex.def)             Requested size: 154.78653pt x 49.51189pt.
<1threads_1pics4K_100it1_1.png, id=220, 3854.4pt x 2168.1pt>
File: 1threads_1pics4K_100it1_1.png Graphic file (type png)
<use 1threads_1pics4K_100it1_1.png>
Package pdftex.def Info: 1threads_1pics4K_100it1_1.png  used on input line 309.

(pdftex.def)             Requested size: 145.11053pt x 81.61452pt.
<1threads_1pics4K_100it1_2.png, id=221, 3854.4pt x 2168.1pt>
File: 1threads_1pics4K_100it1_2.png Graphic file (type png)
<use 1threads_1pics4K_100it1_2.png>
Package pdftex.def Info: 1threads_1pics4K_100it1_2.png  used on input line 313.

(pdftex.def)             Requested size: 145.11053pt x 81.61452pt.
<prueba4t_1img.png, id=222, 414.79968pt x 137.7647pt>
File: prueba4t_1img.png Graphic file (type png)
<use prueba4t_1img.png>
Package pdftex.def Info: prueba4t_1img.png  used on input line 320.
(pdftex.def)             Requested size: 154.78653pt x 51.40727pt.
<4threads_1img1.png, id=223, 3854.4pt x 2168.1pt>
File: 4threads_1img1.png Graphic file (type png)
<use 4threads_1img1.png>
Package pdftex.def Info: 4threads_1img1.png  used on input line 324.
(pdftex.def)             Requested size: 145.11053pt x 81.61452pt.
<4threads_1img2.png, id=224, 3854.4pt x 2168.1pt>
File: 4threads_1img2.png Graphic file (type png)
<use 4threads_1img2.png>
Package pdftex.def Info: 4threads_1img2.png  used on input line 328.
(pdftex.def)             Requested size: 145.11053pt x 81.61452pt.
<prueba2t_2img.png, id=225, 416.30531pt x 138.5175pt>
File: prueba2t_2img.png Graphic file (type png)
<use prueba2t_2img.png>
Package pdftex.def Info: prueba2t_2img.png  used on input line 335.
(pdftex.def)             Requested size: 154.78653pt x 51.50218pt.
<2threads_2img1.png, id=226, 3854.4pt x 2168.1pt>
File: 2threads_2img1.png Graphic file (type png)
<use 2threads_2img1.png>
Package pdftex.def Info: 2threads_2img1.png  used on input line 339.
(pdftex.def)             Requested size: 145.11053pt x 81.61452pt.
<2threads_2img3.png, id=227, 3854.4pt x 2168.1pt>
File: 2threads_2img3.png Graphic file (type png)
<use 2threads_2img3.png>
Package pdftex.def Info: 2threads_2img3.png  used on input line 343.
(pdftex.def)             Requested size: 145.11053pt x 81.61452pt.
File: escudoUNAM.png Graphic file (type png)
<use escudoUNAM.png>
Package pdftex.def Info: escudoUNAM.png  used on input line 347.
(pdftex.def)             Requested size: 68.26022pt x 68.26022pt.
File: escudoFI.png Graphic file (type png)
<use escudoFI.png>
Package pdftex.def Info: escudoFI.png  used on input line 347.
(pdftex.def)             Requested size: 50.58865pt x 70.82411pt.
 [10pdfTeX warning (ext4): destination with the same identifier (name{figure.8}
) has been already used, duplicate ignored

\AtBegShi@Output ...ipout \box \AtBeginShipoutBox 
                                                  \fi \fi 
l.347 		
        pdfTeX warning (ext4): destination with the same identifier (name{figur
e.9}) has been already used, duplicate ignored

\AtBegShi@Output ...ipout \box \AtBeginShipoutBox 
                                                  \fi \fi 
l.347 		
        pdfTeX warning (ext4): destination with the same identifier (name{figur
e.10}) has been already used, duplicate ignored

\AtBegShi@Output ...ipout \box \AtBeginShipoutBox 
                                                  \fi \fi 
l.347 		
        pdfTeX warning (ext4): destination with the same identifier (name{figur
e.11}) has been already used, duplicate ignored

\AtBegShi@Output ...ipout \box \AtBeginShipoutBox 
                                                  \fi \fi 
l.347 		
        pdfTeX warning (ext4): destination with the same identifier (name{figur
e.12}) has been already used, duplicate ignored

\AtBegShi@Output ...ipout \box \AtBeginShipoutBox 
                                                  \fi \fi 
l.347 		
        pdfTeX warning (ext4): destination with the same identifier (name{figur
e.13}) has been already used, duplicate ignored

\AtBegShi@Output ...ipout \box \AtBeginShipoutBox 
                                                  \fi \fi 
l.347 		
        pdfTeX warning (ext4): destination with the same identifier (name{figur
e.14}) has been already used, duplicate ignored

\AtBegShi@Output ...ipout \box \AtBeginShipoutBox 
                                                  \fi \fi 
l.347 		
        pdfTeX warning (ext4): destination with the same identifier (name{figur
e.15}) has been already used, duplicate ignored

\AtBegShi@Output ...ipout \box \AtBeginShipoutBox 
                                                  \fi \fi 
l.347 		
        pdfTeX warning (ext4): destination with the same identifier (name{figur
e.16}) has been already used, duplicate ignored

\AtBegShi@Output ...ipout \box \AtBeginShipoutBox 
                                                  \fi \fi 
l.347 		
         <./prueba2.png> <./8threads_4pics_1.png (PNG copy)> <./8threads_4pics_
2.png (PNG copy)> <./prueba2_10it.png> <./2threads_1img_1.png (PNG copy)> <./2t
hreads_1img_2.png (PNG copy)> <./prueba_1threads_1pics4K_100it1_1.png> <./1thre
ads_1pics4K_100it1_1.png (PNG copy)> <./1threads_1pics4K_100it1_2.png (PNG copy
)>]
<Tiempos_de_procesamiento.png, id=244, 385.44pt x 217.5628pt>
File: Tiempos_de_procesamiento.png Graphic file (type png)
<use Tiempos_de_procesamiento.png>
Package pdftex.def Info: Tiempos_de_procesamiento.png  used on input line 356.
(pdftex.def)             Requested size: 308.35242pt x 174.05048pt.
<SpeedUp.png, id=245, 362.85562pt x 217.5628pt>
File: SpeedUp.png Graphic file (type png)
<use SpeedUp.png>
Package pdftex.def Info: SpeedUp.png  used on input line 362.
(pdftex.def)             Requested size: 290.28488pt x 174.05048pt.
File: escudoUNAM.png Graphic file (type png)
<use escudoUNAM.png>
Package pdftex.def Info: escudoUNAM.png  used on input line 365.
(pdftex.def)             Requested size: 68.26022pt x 68.26022pt.
File: escudoFI.png Graphic file (type png)
<use escudoFI.png>
Package pdftex.def Info: escudoFI.png  used on input line 365.
(pdftex.def)             Requested size: 50.58865pt x 70.82411pt.
 [11pdfTeX warning (ext4): destination with the same identifier (name{figure.17
}) has been already used, duplicate ignored

\AtBegShi@Output ...ipout \box \AtBeginShipoutBox 
                                                  \fi \fi 
l.365 		
        pdfTeX warning (ext4): destination with the same identifier (name{figur
e.18}) has been already used, duplicate ignored

\AtBegShi@Output ...ipout \box \AtBeginShipoutBox 
                                                  \fi \fi 
l.365 		
        pdfTeX warning (ext4): destination with the same identifier (name{figur
e.19}) has been already used, duplicate ignored

\AtBegShi@Output ...ipout \box \AtBeginShipoutBox 
                                                  \fi \fi 
l.365 		
        pdfTeX warning (ext4): destination with the same identifier (name{figur
e.20}) has been already used, duplicate ignored

\AtBegShi@Output ...ipout \box \AtBeginShipoutBox 
                                                  \fi \fi 
l.365 		
        pdfTeX warning (ext4): destination with the same identifier (name{figur
e.21}) has been already used, duplicate ignored

\AtBegShi@Output ...ipout \box \AtBeginShipoutBox 
                                                  \fi \fi 
l.365 		
        pdfTeX warning (ext4): destination with the same identifier (name{figur
e.22}) has been already used, duplicate ignored

\AtBegShi@Output ...ipout \box \AtBeginShipoutBox 
                                                  \fi \fi 
l.365 		
        pdfTeX warning (ext4): destination with the same identifier (name{figur
e.23}) has been already used, duplicate ignored

\AtBegShi@Output ...ipout \box \AtBeginShipoutBox 
                                                  \fi \fi 
l.365 		
         <./prueba4t_1img.png> <./4threads_1img1.png (PNG copy)> <./4threads_1i
mg2.png (PNG copy)> <./prueba2t_2img.png> <./2threads_2img1.png (PNG copy)> <./
2threads_2img3.png (PNG copy)> <./Tiempos_de_procesamiento.png>]
<Eficiencia.png, id=259, 363.60844pt x 217.5628pt>
File: Eficiencia.png Graphic file (type png)
<use Eficiencia.png>
Package pdftex.def Info: Eficiencia.png  used on input line 368.
(pdftex.def)             Requested size: 290.88713pt x 174.05048pt.
<Fraccion_serial.png, id=260, 363.60844pt x 217.5628pt>
File: Fraccion_serial.png Graphic file (type png)
<use Fraccion_serial.png>
Package pdftex.def Info: Fraccion_serial.png  used on input line 374.
(pdftex.def)             Requested size: 290.88713pt x 174.05048pt.
File: escudoUNAM.png Graphic file (type png)
<use escudoUNAM.png>
Package pdftex.def Info: escudoUNAM.png  used on input line 382.
(pdftex.def)             Requested size: 68.26022pt x 68.26022pt.
File: escudoFI.png Graphic file (type png)
<use escudoFI.png>
Package pdftex.def Info: escudoFI.png  used on input line 382.
(pdftex.def)             Requested size: 50.58865pt x 70.82411pt.
 [12pdfTeX warning (ext4): destination with the same identifier (name{figure.24
}) has been already used, duplicate ignored

\AtBegShi@Output ...ipout \box \AtBeginShipoutBox 
                                                  \fi \fi 
l.382 			
         pdfTeX warning (ext4): destination with the same identifier (name{figu
re.25}) has been already used, duplicate ignored

\AtBegShi@Output ...ipout \box \AtBeginShipoutBox 
                                                  \fi \fi 
l.382 			
         pdfTeX warning (ext4): destination with the same identifier (name{figu
re.26}) has been already used, duplicate ignored

\AtBegShi@Output ...ipout \box \AtBeginShipoutBox 
                                                  \fi \fi 
l.382 			
          <./SpeedUp.png> <./Eficiencia.png> <./Fraccion_serial.png>]
Underfull \hbox (badness 10000) in paragraph at lines 393--394
[]\T1/cmr/m/n/12 Dejun Yan, et al. (2009). Ge-ne-ral Man-del-brot Sets and Ju-l
ia Sets
 []


Underfull \hbox (badness 10000) in paragraph at lines 393--394
\T1/cmr/m/n/12 Ge-ne-ra-ted from Non-analytic Com-plex Ite-ra-tion. 17/01/2021.
 Da-
 []


Underfull \hbox (badness 10000) in paragraph at lines 393--394
\T1/cmr/m/n/12 lian Na-tio-na-li-ties Uni-ver-sity. Re-cu-pe-ra-do de: https://
ieeexplore-ieee-
 []

File: escudoUNAM.png Graphic file (type png)
<use escudoUNAM.png>
Package pdftex.def Info: escudoUNAM.png  used on input line 394.
(pdftex.def)             Requested size: 68.26022pt x 68.26022pt.
File: escudoFI.png Graphic file (type png)
<use escudoFI.png>
Package pdftex.def Info: escudoFI.png  used on input line 394.
(pdftex.def)             Requested size: 50.58865pt x 70.82411pt.
[13]
Underfull \hbox (badness 4954) in paragraph at lines 396--397
[]\T1/cmr/m/n/12 Bhanuka Ma-nes-ha. (2020). Ef-fi-cient Ge-ne-ra-tion of Man-de
l-brot Set using Mes-
 []


Underfull \hbox (badness 2707) in paragraph at lines 396--397
\T1/cmr/m/n/12 sa-ge Pas-sing In-ter-fa-ce. 18/01/2021. Mo-nash Uni-ver-sity Ma
-lay-sia. Re-cu-pe-ra-do de:
 []

Package atveryend Info: Empty hook `BeforeClearDocument' on input line 411.
File: escudoUNAM.png Graphic file (type png)
<use escudoUNAM.png>
Package pdftex.def Info: escudoUNAM.png  used on input line 411.
(pdftex.def)             Requested size: 68.26022pt x 68.26022pt.
File: escudoFI.png Graphic file (type png)
<use escudoFI.png>
Package pdftex.def Info: escudoFI.png  used on input line 411.
(pdftex.def)             Requested size: 50.58865pt x 70.82411pt.
[14]
Package atveryend Info: Empty hook `AfterLastShipout' on input line 411.
 (Proyecto2_EDA.aux (caratula.aux)
LaTeX Info: Redefining \. on input line 25.
LaTeX Info: Redefining \% on input line 25.
)
Package atveryend Info: Executing hook `AtVeryEndDocument' on input line 411.
Package atveryend Info: Executing hook `AtEndAfterFileList' on input line 411.
Package rerunfilecheck Info: File `Proyecto2_EDA.out' has not changed.
(rerunfilecheck)             Checksum: B36BED7420FCCCF22F012BCCA53F8A17;1761.


LaTeX Font Warning: Some font shapes were not available, defaults substituted.

Package atveryend Info: Empty hook `AtVeryVeryEnd' on input line 411.
 ) 
Here is how much of TeX's memory you used:
 12768 strings out of 492484
 185192 string characters out of 3121602
 303700 words of memory out of 3000000
 16805 multiletter control sequences out of 15000+200000
 18626 words of font info for 48 fonts, out of 3000000 for 9000
 1141 hyphenation exceptions out of 8191
 39i,16n,45p,1374b,460s stack positions out of 5000i,500n,10000p,200000b,50000s
 <C:\Users\cydia\AppData\Local\MiKTeX\2.9\fonts/pk/ljfour/jknappen/ec/dpi600\
ecrm0800.pk>{C:/Users/cydia/AppData/Local/Programs/MiKTeX 2.9/fonts/enc/dvips/f
ontawesome/fontawesometwo.enc} <C:\Users\cydia\AppData\Local\MiKTeX\2.9\fonts/p
k/ljfour/jknappen/ec/dpi600\ecbi1200.pk> <C:\Users\cydia\AppData\Local\MiKTeX\2
.9\fonts/pk/ljfour/jknappen/ec/dpi600\ecti1200.pk> <C:\Users\cydia\AppData\Loca
l\MiKTeX\2.9\fonts/pk/ljfour/jknappen/ec/dpi600\ecbx1440.pk> <C:\Users\cydia\Ap
pData\Local\MiKTeX\2.9\fonts/pk/ljfour/jknappen/ec/dpi600\ecrm1200.pk> <C:\User
s\cydia\AppData\Local\MiKTeX\2.9\fonts/pk/ljfour/jknappen/ec/dpi600\ecbx1200.pk
> <C:\Users\cydia\AppData\Local\MiKTeX\2.9\fonts/pk/ljfour/jknappen/ec/dpi600\e
cbx1728.pk> <C:\Users\cydia\AppData\Local\MiKTeX\2.9\fonts/pk/ljfour/jknappen/e
c/dpi600\ecrm2074.pk> <C:\Users\cydia\AppData\Local\MiKTeX\2.9\fonts/pk/ljfour/
jknappen/ec/dpi600\ecrm2488.pk> <C:\Users\cydia\AppData\Local\MiKTeX\2.9\fonts/
pk/ljfour/jknappen/ec/dpi600\ecrm1728.pk> <C:\Users\cydia\AppData\Local\MiKTeX\
2.9\fonts/pk/ljfour/jknappen/ec/dpi600\ecbx2074.pk><C:/Users/cydia/AppData/Loca
l/Programs/MiKTeX 2.9/fonts/type1/public/fontawesome/FontAwesome.pfb><C:/Users/
cydia/AppData/Local/Programs/MiKTeX 2.9/fonts/type1/public/amsfonts/cm/cmbx12.p
fb><C:/Users/cydia/AppData/Local/Programs/MiKTeX 2.9/fonts/type1/public/amsfont
s/cm/cmbx8.pfb><C:/Users/cydia/AppData/Local/Programs/MiKTeX 2.9/fonts/type1/pu
blic/amsfonts/cm/cmex10.pfb><C:/Users/cydia/AppData/Local/Programs/MiKTeX 2.9/f
onts/type1/public/amsfonts/cm/cmmi12.pfb><C:/Users/cydia/AppData/Local/Programs
/MiKTeX 2.9/fonts/type1/public/amsfonts/cm/cmmi8.pfb><C:/Users/cydia/AppData/Lo
cal/Programs/MiKTeX 2.9/fonts/type1/public/amsfonts/cm/cmr12.pfb><C:/Users/cydi
a/AppData/Local/Programs/MiKTeX 2.9/fonts/type1/public/amsfonts/cm/cmr8.pfb><C:
/Users/cydia/AppData/Local/Programs/MiKTeX 2.9/fonts/type1/public/amsfonts/cm/c
msy10.pfb>
Output written on Proyecto2_EDA.pdf (15 pages, 17710094 bytes).
PDF statistics:
 749 PDF objects out of 1000 (max. 8388607)
 71 named destinations out of 1000 (max. 500000)
 341 words of extra memory for PDF output out of 10000 (max. 10000000)

