\BOOKMARK [1][-]{section.1}{Introducci\363n}{}% 1
\BOOKMARK [2][-]{subsection.1.1}{Objetivo general}{section.1}% 2
\BOOKMARK [2][-]{subsection.1.2}{Objetivo del equipo}{section.1}% 3
\BOOKMARK [1][-]{section.2}{Antecedentes}{}% 4
\BOOKMARK [1][-]{section.3}{Descripci\363n del algoritmo, estructura paralela seleccionada}{}% 5
\BOOKMARK [1][-]{section.4}{Paralelizaci\363n del algoritmo}{}% 6
\BOOKMARK [2][-]{subsection.4.1}{Tipo de paralelismo}{section.4}% 7
\BOOKMARK [2][-]{subsection.4.2}{M\351tricas de desempe\361o}{section.4}% 8
\BOOKMARK [3][-]{subsubsection.4.2.1}{Tiempos de procesamiento y comunicaci\363n}{subsection.4.2}% 9
\BOOKMARK [3][-]{subsubsection.4.2.2}{Speedup}{subsection.4.2}% 10
\BOOKMARK [3][-]{subsubsection.4.2.3}{Eficiencia}{subsection.4.2}% 11
\BOOKMARK [3][-]{subsubsection.4.2.4}{Fracci\363n serial}{subsection.4.2}% 12
\BOOKMARK [2][-]{subsection.4.3}{Formas de comunicaci\363n}{section.4}% 13
\BOOKMARK [2][-]{subsection.4.4}{Granularidad}{section.4}% 14
\BOOKMARK [1][-]{section.5}{Implementaci\363n del algoritmo paralelo}{}% 15
\BOOKMARK [2][-]{subsection.5.1}{Java\(bibliotecas concurrentes y paralelas\)}{section.5}% 16
\BOOKMARK [1][-]{section.6}{Pruebas realizadas}{}% 17
\BOOKMARK [2][-]{subsection.6.1}{Versi\363n secuencial}{section.6}% 18
\BOOKMARK [2][-]{subsection.6.2}{Pruebas para diferentes instancias}{section.6}% 19
\BOOKMARK [2][-]{subsection.6.3}{Gr\341ficas}{section.6}% 20
\BOOKMARK [1][-]{section.7}{Conclusiones}{}% 21
\BOOKMARK [2][-]{subsection.7.1}{D\355az Hern\341ndez, Marcos Bryan}{section.7}% 22
\BOOKMARK [2][-]{subsection.7.2}{Lara Aguilar, Christian Abraham}{section.7}% 23
\BOOKMARK [1][-]{section.8}{Autoevaluaci\363n}{}% 24
\BOOKMARK [1][-]{section.9}{Referencias Bibliogr\341ficas}{}% 25
